2018-04-03 13:25:14 Notice: Notice (8): Undefined variable: EditUserProfileDetail in [/data/Projects/grouper/app/views/elements/edit_profile_modal.ctp, line 138]
2018-04-03 13:25:14 Notice: Notice (8): Undefined variable: EditUserProfileDetail in [/data/Projects/grouper/app/views/elements/edit_profile_modal.ctp, line 150]
2018-04-03 13:25:14 Notice: Notice (8): Undefined variable: EditUserProfileDetail in [/data/Projects/grouper/app/views/elements/edit_profile_modal.ctp, line 161]
2018-04-03 13:25:14 Notice: Notice (8): Undefined variable: EditUserProfileDetail in [/data/Projects/grouper/app/views/elements/edit_profile_modal.ctp, line 169]
2018-04-03 13:25:14 Notice: Notice (8): Undefined variable: EditUserProfileDetail in [/data/Projects/grouper/app/views/elements/edit_profile_modal.ctp, line 174]
2018-04-03 13:25:14 Notice: Notice (8): Undefined variable: EditUserProfileDetail in [/data/Projects/grouper/app/views/elements/edit_profile_modal.ctp, line 183]
2018-04-03 13:25:14 Notice: Notice (8): Undefined variable: EditUserProfileDetail in [/data/Projects/grouper/app/views/elements/edit_profile_modal.ctp, line 184]
2018-04-03 13:25:14 Notice: Notice (8): Undefined variable: EditUserProfileDetail in [/data/Projects/grouper/app/views/elements/edit_profile_modal.ctp, line 185]
2018-04-03 13:25:14 Notice: Notice (8): Undefined variable: state_list in [/data/Projects/grouper/app/views/elements/edit_profile_modal.ctp, line 198]
2018-04-03 13:25:14 Notice: Notice (8): Undefined variable: city_list in [/data/Projects/grouper/app/views/elements/edit_profile_modal.ctp, line 213]
2018-04-03 13:25:14 Notice: Notice (8): Undefined variable: notification_count in [/data/Projects/grouper/app/views/elements/home_header.ctp, line 686]
2018-04-03 13:25:14 Notice: Notice (8): Undefined variable: ArChatCount in [/data/Projects/grouper/app/views/elements/home_header.ctp, line 701]
2018-04-03 13:25:37 Notice: Notice (8): Undefined variable: c in [/data/Projects/grouper/app/views/home/faq.ctp, line 138]
2018-04-03 13:25:37 Notice: Notice (8): Undefined variable: EditUserProfileDetail in [/data/Projects/grouper/app/views/elements/edit_profile_modal.ctp, line 138]
2018-04-03 13:25:37 Notice: Notice (8): Undefined variable: EditUserProfileDetail in [/data/Projects/grouper/app/views/elements/edit_profile_modal.ctp, line 150]
2018-04-03 13:25:37 Notice: Notice (8): Undefined variable: EditUserProfileDetail in [/data/Projects/grouper/app/views/elements/edit_profile_modal.ctp, line 161]
2018-04-03 13:25:37 Notice: Notice (8): Undefined variable: EditUserProfileDetail in [/data/Projects/grouper/app/views/elements/edit_profile_modal.ctp, line 169]
2018-04-03 13:25:37 Notice: Notice (8): Undefined variable: EditUserProfileDetail in [/data/Projects/grouper/app/views/elements/edit_profile_modal.ctp, line 174]
2018-04-03 13:25:37 Notice: Notice (8): Undefined variable: EditUserProfileDetail in [/data/Projects/grouper/app/views/elements/edit_profile_modal.ctp, line 183]
2018-04-03 13:25:37 Notice: Notice (8): Undefined variable: EditUserProfileDetail in [/data/Projects/grouper/app/views/elements/edit_profile_modal.ctp, line 184]
2018-04-03 13:25:37 Notice: Notice (8): Undefined variable: EditUserProfileDetail in [/data/Projects/grouper/app/views/elements/edit_profile_modal.ctp, line 185]
2018-04-03 13:25:37 Notice: Notice (8): Undefined variable: state_list in [/data/Projects/grouper/app/views/elements/edit_profile_modal.ctp, line 198]
2018-04-03 13:25:37 Notice: Notice (8): Undefined variable: city_list in [/data/Projects/grouper/app/views/elements/edit_profile_modal.ctp, line 213]
2018-04-03 13:25:37 Notice: Notice (8): Undefined variable: notification_count in [/data/Projects/grouper/app/views/elements/inner_header.ctp, line 647]
2018-04-03 13:25:37 Notice: Notice (8): Undefined variable: ArChatCount in [/data/Projects/grouper/app/views/elements/inner_header.ctp, line 660]
2018-04-03 13:27:09 Notice: Notice (8): Undefined variable: c in [/data/Projects/grouper/app/views/home/faq.ctp, line 139]
2018-04-03 13:27:09 Notice: Notice (8): Undefined variable: EditUserProfileDetail in [/data/Projects/grouper/app/views/elements/edit_profile_modal.ctp, line 138]
2018-04-03 13:27:09 Notice: Notice (8): Undefined variable: EditUserProfileDetail in [/data/Projects/grouper/app/views/elements/edit_profile_modal.ctp, line 150]
2018-04-03 13:27:09 Notice: Notice (8): Undefined variable: EditUserProfileDetail in [/data/Projects/grouper/app/views/elements/edit_profile_modal.ctp, line 161]
2018-04-03 13:27:09 Notice: Notice (8): Undefined variable: EditUserProfileDetail in [/data/Projects/grouper/app/views/elements/edit_profile_modal.ctp, line 169]
2018-04-03 13:27:09 Notice: Notice (8): Undefined variable: EditUserProfileDetail in [/data/Projects/grouper/app/views/elements/edit_profile_modal.ctp, line 174]
2018-04-03 13:27:09 Notice: Notice (8): Undefined variable: EditUserProfileDetail in [/data/Projects/grouper/app/views/elements/edit_profile_modal.ctp, line 183]
2018-04-03 13:27:09 Notice: Notice (8): Undefined variable: EditUserProfileDetail in [/data/Projects/grouper/app/views/elements/edit_profile_modal.ctp, line 184]
2018-04-03 13:27:09 Notice: Notice (8): Undefined variable: EditUserProfileDetail in [/data/Projects/grouper/app/views/elements/edit_profile_modal.ctp, line 185]
2018-04-03 13:27:09 Notice: Notice (8): Undefined variable: state_list in [/data/Projects/grouper/app/views/elements/edit_profile_modal.ctp, line 198]
2018-04-03 13:27:09 Notice: Notice (8): Undefined variable: city_list in [/data/Projects/grouper/app/views/elements/edit_profile_modal.ctp, line 213]
2018-04-03 13:27:09 Notice: Notice (8): Undefined variable: notification_count in [/data/Projects/grouper/app/views/elements/inner_header.ctp, line 647]
2018-04-03 13:27:09 Notice: Notice (8): Undefined variable: ArChatCount in [/data/Projects/grouper/app/views/elements/inner_header.ctp, line 660]
2018-04-03 13:27:29 Notice: Notice (8): Undefined variable: c in [/data/Projects/grouper/app/views/home/faq.ctp, line 139]
2018-04-03 13:27:29 Notice: Notice (8): Undefined variable: EditUserProfileDetail in [/data/Projects/grouper/app/views/elements/edit_profile_modal.ctp, line 138]
2018-04-03 13:27:29 Notice: Notice (8): Undefined variable: EditUserProfileDetail in [/data/Projects/grouper/app/views/elements/edit_profile_modal.ctp, line 150]
2018-04-03 13:27:29 Notice: Notice (8): Undefined variable: EditUserProfileDetail in [/data/Projects/grouper/app/views/elements/edit_profile_modal.ctp, line 161]
2018-04-03 13:27:29 Notice: Notice (8): Undefined variable: EditUserProfileDetail in [/data/Projects/grouper/app/views/elements/edit_profile_modal.ctp, line 169]
2018-04-03 13:27:29 Notice: Notice (8): Undefined variable: EditUserProfileDetail in [/data/Projects/grouper/app/views/elements/edit_profile_modal.ctp, line 174]
2018-04-03 13:27:29 Notice: Notice (8): Undefined variable: EditUserProfileDetail in [/data/Projects/grouper/app/views/elements/edit_profile_modal.ctp, line 183]
2018-04-03 13:27:29 Notice: Notice (8): Undefined variable: EditUserProfileDetail in [/data/Projects/grouper/app/views/elements/edit_profile_modal.ctp, line 184]
2018-04-03 13:27:29 Notice: Notice (8): Undefined variable: EditUserProfileDetail in [/data/Projects/grouper/app/views/elements/edit_profile_modal.ctp, line 185]
2018-04-03 13:27:29 Notice: Notice (8): Undefined variable: state_list in [/data/Projects/grouper/app/views/elements/edit_profile_modal.ctp, line 198]
2018-04-03 13:27:29 Notice: Notice (8): Undefined variable: city_list in [/data/Projects/grouper/app/views/elements/edit_profile_modal.ctp, line 213]
2018-04-03 13:27:29 Notice: Notice (8): Undefined variable: notification_count in [/data/Projects/grouper/app/views/elements/inner_header.ctp, line 647]
2018-04-03 13:27:29 Notice: Notice (8): Undefined variable: ArChatCount in [/data/Projects/grouper/app/views/elements/inner_header.ctp, line 660]
2018-04-03 13:27:34 Notice: Notice (8): Undefined variable: c in [/data/Projects/grouper/app/views/home/faq.ctp, line 139]
2018-04-03 13:27:34 Notice: Notice (8): Undefined variable: EditUserProfileDetail in [/data/Projects/grouper/app/views/elements/edit_profile_modal.ctp, line 138]
2018-04-03 13:27:34 Notice: Notice (8): Undefined variable: EditUserProfileDetail in [/data/Projects/grouper/app/views/elements/edit_profile_modal.ctp, line 150]
2018-04-03 13:27:34 Notice: Notice (8): Undefined variable: EditUserProfileDetail in [/data/Projects/grouper/app/views/elements/edit_profile_modal.ctp, line 161]
2018-04-03 13:27:34 Notice: Notice (8): Undefined variable: EditUserProfileDetail in [/data/Projects/grouper/app/views/elements/edit_profile_modal.ctp, line 169]
2018-04-03 13:27:34 Notice: Notice (8): Undefined variable: EditUserProfileDetail in [/data/Projects/grouper/app/views/elements/edit_profile_modal.ctp, line 174]
2018-04-03 13:27:34 Notice: Notice (8): Undefined variable: EditUserProfileDetail in [/data/Projects/grouper/app/views/elements/edit_profile_modal.ctp, line 183]
2018-04-03 13:27:34 Notice: Notice (8): Undefined variable: EditUserProfileDetail in [/data/Projects/grouper/app/views/elements/edit_profile_modal.ctp, line 184]
2018-04-03 13:27:34 Notice: Notice (8): Undefined variable: EditUserProfileDetail in [/data/Projects/grouper/app/views/elements/edit_profile_modal.ctp, line 185]
2018-04-03 13:27:34 Notice: Notice (8): Undefined variable: state_list in [/data/Projects/grouper/app/views/elements/edit_profile_modal.ctp, line 198]
2018-04-03 13:27:34 Notice: Notice (8): Undefined variable: city_list in [/data/Projects/grouper/app/views/elements/edit_profile_modal.ctp, line 213]
2018-04-03 13:27:34 Notice: Notice (8): Undefined variable: notification_count in [/data/Projects/grouper/app/views/elements/inner_header.ctp, line 647]
2018-04-03 13:27:34 Notice: Notice (8): Undefined variable: ArChatCount in [/data/Projects/grouper/app/views/elements/inner_header.ctp, line 660]
2018-04-03 13:28:10 Notice: Notice (8): Undefined variable: c in [/data/Projects/grouper/app/views/home/faq.ctp, line 139]
2018-04-03 13:28:10 Notice: Notice (8): Undefined variable: EditUserProfileDetail in [/data/Projects/grouper/app/views/elements/edit_profile_modal.ctp, line 138]
2018-04-03 13:28:10 Notice: Notice (8): Undefined variable: EditUserProfileDetail in [/data/Projects/grouper/app/views/elements/edit_profile_modal.ctp, line 150]
2018-04-03 13:28:10 Notice: Notice (8): Undefined variable: EditUserProfileDetail in [/data/Projects/grouper/app/views/elements/edit_profile_modal.ctp, line 161]
2018-04-03 13:28:10 Notice: Notice (8): Undefined variable: EditUserProfileDetail in [/data/Projects/grouper/app/views/elements/edit_profile_modal.ctp, line 169]
2018-04-03 13:28:10 Notice: Notice (8): Undefined variable: EditUserProfileDetail in [/data/Projects/grouper/app/views/elements/edit_profile_modal.ctp, line 174]
2018-04-03 13:28:10 Notice: Notice (8): Undefined variable: EditUserProfileDetail in [/data/Projects/grouper/app/views/elements/edit_profile_modal.ctp, line 183]
2018-04-03 13:28:10 Notice: Notice (8): Undefined variable: EditUserProfileDetail in [/data/Projects/grouper/app/views/elements/edit_profile_modal.ctp, line 184]
2018-04-03 13:28:10 Notice: Notice (8): Undefined variable: EditUserProfileDetail in [/data/Projects/grouper/app/views/elements/edit_profile_modal.ctp, line 185]
2018-04-03 13:28:10 Notice: Notice (8): Undefined variable: state_list in [/data/Projects/grouper/app/views/elements/edit_profile_modal.ctp, line 198]
2018-04-03 13:28:10 Notice: Notice (8): Undefined variable: city_list in [/data/Projects/grouper/app/views/elements/edit_profile_modal.ctp, line 213]
2018-04-03 13:28:10 Notice: Notice (8): Undefined variable: notification_count in [/data/Projects/grouper/app/views/elements/inner_header.ctp, line 647]
2018-04-03 13:28:10 Notice: Notice (8): Undefined variable: ArChatCount in [/data/Projects/grouper/app/views/elements/inner_header.ctp, line 660]
2018-04-03 13:28:44 Notice: Notice (8): Undefined variable: c in [/data/Projects/grouper/app/views/home/faq.ctp, line 140]
2018-04-03 13:28:44 Notice: Notice (8): Undefined variable: EditUserProfileDetail in [/data/Projects/grouper/app/views/elements/edit_profile_modal.ctp, line 138]
2018-04-03 13:28:44 Notice: Notice (8): Undefined variable: EditUserProfileDetail in [/data/Projects/grouper/app/views/elements/edit_profile_modal.ctp, line 150]
2018-04-03 13:28:44 Notice: Notice (8): Undefined variable: EditUserProfileDetail in [/data/Projects/grouper/app/views/elements/edit_profile_modal.ctp, line 161]
2018-04-03 13:28:44 Notice: Notice (8): Undefined variable: EditUserProfileDetail in [/data/Projects/grouper/app/views/elements/edit_profile_modal.ctp, line 169]
2018-04-03 13:28:44 Notice: Notice (8): Undefined variable: EditUserProfileDetail in [/data/Projects/grouper/app/views/elements/edit_profile_modal.ctp, line 174]
2018-04-03 13:28:44 Notice: Notice (8): Undefined variable: EditUserProfileDetail in [/data/Projects/grouper/app/views/elements/edit_profile_modal.ctp, line 183]
2018-04-03 13:28:44 Notice: Notice (8): Undefined variable: EditUserProfileDetail in [/data/Projects/grouper/app/views/elements/edit_profile_modal.ctp, line 184]
2018-04-03 13:28:44 Notice: Notice (8): Undefined variable: EditUserProfileDetail in [/data/Projects/grouper/app/views/elements/edit_profile_modal.ctp, line 185]
2018-04-03 13:28:44 Notice: Notice (8): Undefined variable: state_list in [/data/Projects/grouper/app/views/elements/edit_profile_modal.ctp, line 198]
2018-04-03 13:28:44 Notice: Notice (8): Undefined variable: city_list in [/data/Projects/grouper/app/views/elements/edit_profile_modal.ctp, line 213]
2018-04-03 13:28:44 Notice: Notice (8): Undefined variable: notification_count in [/data/Projects/grouper/app/views/elements/inner_header.ctp, line 647]
2018-04-03 13:28:44 Notice: Notice (8): Undefined variable: ArChatCount in [/data/Projects/grouper/app/views/elements/inner_header.ctp, line 660]
2018-04-03 13:29:06 Notice: Notice (8): Undefined variable: c in [/data/Projects/grouper/app/views/home/faq.ctp, line 139]
2018-04-03 13:29:06 Notice: Notice (8): Undefined variable: EditUserProfileDetail in [/data/Projects/grouper/app/views/elements/edit_profile_modal.ctp, line 138]
2018-04-03 13:29:06 Notice: Notice (8): Undefined variable: EditUserProfileDetail in [/data/Projects/grouper/app/views/elements/edit_profile_modal.ctp, line 150]
2018-04-03 13:29:06 Notice: Notice (8): Undefined variable: EditUserProfileDetail in [/data/Projects/grouper/app/views/elements/edit_profile_modal.ctp, line 161]
2018-04-03 13:29:06 Notice: Notice (8): Undefined variable: EditUserProfileDetail in [/data/Projects/grouper/app/views/elements/edit_profile_modal.ctp, line 169]
2018-04-03 13:29:06 Notice: Notice (8): Undefined variable: EditUserProfileDetail in [/data/Projects/grouper/app/views/elements/edit_profile_modal.ctp, line 174]
2018-04-03 13:29:06 Notice: Notice (8): Undefined variable: EditUserProfileDetail in [/data/Projects/grouper/app/views/elements/edit_profile_modal.ctp, line 183]
2018-04-03 13:29:06 Notice: Notice (8): Undefined variable: EditUserProfileDetail in [/data/Projects/grouper/app/views/elements/edit_profile_modal.ctp, line 184]
2018-04-03 13:29:06 Notice: Notice (8): Undefined variable: EditUserProfileDetail in [/data/Projects/grouper/app/views/elements/edit_profile_modal.ctp, line 185]
2018-04-03 13:29:06 Notice: Notice (8): Undefined variable: state_list in [/data/Projects/grouper/app/views/elements/edit_profile_modal.ctp, line 198]
2018-04-03 13:29:06 Notice: Notice (8): Undefined variable: city_list in [/data/Projects/grouper/app/views/elements/edit_profile_modal.ctp, line 213]
2018-04-03 13:29:06 Notice: Notice (8): Undefined variable: notification_count in [/data/Projects/grouper/app/views/elements/inner_header.ctp, line 647]
2018-04-03 13:29:06 Notice: Notice (8): Undefined variable: ArChatCount in [/data/Projects/grouper/app/views/elements/inner_header.ctp, line 660]
2018-04-03 13:29:40 Notice: Notice (8): Undefined variable: c in [/data/Projects/grouper/app/views/home/faq.ctp, line 141]
2018-04-03 13:29:40 Notice: Notice (8): Undefined variable: EditUserProfileDetail in [/data/Projects/grouper/app/views/elements/edit_profile_modal.ctp, line 138]
2018-04-03 13:29:40 Notice: Notice (8): Undefined variable: EditUserProfileDetail in [/data/Projects/grouper/app/views/elements/edit_profile_modal.ctp, line 150]
2018-04-03 13:29:40 Notice: Notice (8): Undefined variable: EditUserProfileDetail in [/data/Projects/grouper/app/views/elements/edit_profile_modal.ctp, line 161]
2018-04-03 13:29:40 Notice: Notice (8): Undefined variable: EditUserProfileDetail in [/data/Projects/grouper/app/views/elements/edit_profile_modal.ctp, line 169]
2018-04-03 13:29:40 Notice: Notice (8): Undefined variable: EditUserProfileDetail in [/data/Projects/grouper/app/views/elements/edit_profile_modal.ctp, line 174]
2018-04-03 13:29:40 Notice: Notice (8): Undefined variable: EditUserProfileDetail in [/data/Projects/grouper/app/views/elements/edit_profile_modal.ctp, line 183]
2018-04-03 13:29:40 Notice: Notice (8): Undefined variable: EditUserProfileDetail in [/data/Projects/grouper/app/views/elements/edit_profile_modal.ctp, line 184]
2018-04-03 13:29:40 Notice: Notice (8): Undefined variable: EditUserProfileDetail in [/data/Projects/grouper/app/views/elements/edit_profile_modal.ctp, line 185]
2018-04-03 13:29:40 Notice: Notice (8): Undefined variable: state_list in [/data/Projects/grouper/app/views/elements/edit_profile_modal.ctp, line 198]
2018-04-03 13:29:40 Notice: Notice (8): Undefined variable: city_list in [/data/Projects/grouper/app/views/elements/edit_profile_modal.ctp, line 213]
2018-04-03 13:29:40 Notice: Notice (8): Undefined variable: notification_count in [/data/Projects/grouper/app/views/elements/inner_header.ctp, line 647]
2018-04-03 13:29:40 Notice: Notice (8): Undefined variable: ArChatCount in [/data/Projects/grouper/app/views/elements/inner_header.ctp, line 660]
2018-04-03 13:30:52 Notice: Notice (8): Undefined variable: c in [/data/Projects/grouper/app/views/home/faq.ctp, line 141]
2018-04-03 13:30:52 Notice: Notice (8): Undefined variable: EditUserProfileDetail in [/data/Projects/grouper/app/views/elements/edit_profile_modal.ctp, line 138]
2018-04-03 13:30:52 Notice: Notice (8): Undefined variable: EditUserProfileDetail in [/data/Projects/grouper/app/views/elements/edit_profile_modal.ctp, line 150]
2018-04-03 13:30:52 Notice: Notice (8): Undefined variable: EditUserProfileDetail in [/data/Projects/grouper/app/views/elements/edit_profile_modal.ctp, line 161]
2018-04-03 13:30:52 Notice: Notice (8): Undefined variable: EditUserProfileDetail in [/data/Projects/grouper/app/views/elements/edit_profile_modal.ctp, line 169]
2018-04-03 13:30:52 Notice: Notice (8): Undefined variable: EditUserProfileDetail in [/data/Projects/grouper/app/views/elements/edit_profile_modal.ctp, line 174]
2018-04-03 13:30:52 Notice: Notice (8): Undefined variable: EditUserProfileDetail in [/data/Projects/grouper/app/views/elements/edit_profile_modal.ctp, line 183]
2018-04-03 13:30:52 Notice: Notice (8): Undefined variable: EditUserProfileDetail in [/data/Projects/grouper/app/views/elements/edit_profile_modal.ctp, line 184]
2018-04-03 13:30:52 Notice: Notice (8): Undefined variable: EditUserProfileDetail in [/data/Projects/grouper/app/views/elements/edit_profile_modal.ctp, line 185]
2018-04-03 13:30:52 Notice: Notice (8): Undefined variable: state_list in [/data/Projects/grouper/app/views/elements/edit_profile_modal.ctp, line 198]
2018-04-03 13:30:52 Notice: Notice (8): Undefined variable: city_list in [/data/Projects/grouper/app/views/elements/edit_profile_modal.ctp, line 213]
2018-04-03 13:30:52 Notice: Notice (8): Undefined variable: notification_count in [/data/Projects/grouper/app/views/elements/inner_header.ctp, line 647]
2018-04-03 13:30:52 Notice: Notice (8): Undefined variable: ArChatCount in [/data/Projects/grouper/app/views/elements/inner_header.ctp, line 660]
2018-04-03 13:31:57 Notice: Notice (8): Undefined variable: c in [/data/Projects/grouper/app/views/home/faq.ctp, line 143]
2018-04-03 13:31:57 Notice: Notice (8): Undefined variable: EditUserProfileDetail in [/data/Projects/grouper/app/views/elements/edit_profile_modal.ctp, line 138]
2018-04-03 13:31:57 Notice: Notice (8): Undefined variable: EditUserProfileDetail in [/data/Projects/grouper/app/views/elements/edit_profile_modal.ctp, line 150]
2018-04-03 13:31:57 Notice: Notice (8): Undefined variable: EditUserProfileDetail in [/data/Projects/grouper/app/views/elements/edit_profile_modal.ctp, line 161]
2018-04-03 13:31:57 Notice: Notice (8): Undefined variable: EditUserProfileDetail in [/data/Projects/grouper/app/views/elements/edit_profile_modal.ctp, line 169]
2018-04-03 13:31:57 Notice: Notice (8): Undefined variable: EditUserProfileDetail in [/data/Projects/grouper/app/views/elements/edit_profile_modal.ctp, line 174]
2018-04-03 13:31:57 Notice: Notice (8): Undefined variable: EditUserProfileDetail in [/data/Projects/grouper/app/views/elements/edit_profile_modal.ctp, line 183]
2018-04-03 13:31:57 Notice: Notice (8): Undefined variable: EditUserProfileDetail in [/data/Projects/grouper/app/views/elements/edit_profile_modal.ctp, line 184]
2018-04-03 13:31:57 Notice: Notice (8): Undefined variable: EditUserProfileDetail in [/data/Projects/grouper/app/views/elements/edit_profile_modal.ctp, line 185]
2018-04-03 13:31:57 Notice: Notice (8): Undefined variable: state_list in [/data/Projects/grouper/app/views/elements/edit_profile_modal.ctp, line 198]
2018-04-03 13:31:57 Notice: Notice (8): Undefined variable: city_list in [/data/Projects/grouper/app/views/elements/edit_profile_modal.ctp, line 213]
2018-04-03 13:31:57 Notice: Notice (8): Undefined variable: notification_count in [/data/Projects/grouper/app/views/elements/inner_header.ctp, line 647]
2018-04-03 13:31:57 Notice: Notice (8): Undefined variable: ArChatCount in [/data/Projects/grouper/app/views/elements/inner_header.ctp, line 660]
2018-04-03 13:32:29 Notice: Notice (8): Undefined variable: c in [/data/Projects/grouper/app/views/home/faq.ctp, line 145]
2018-04-03 13:32:29 Notice: Notice (8): Undefined variable: EditUserProfileDetail in [/data/Projects/grouper/app/views/elements/edit_profile_modal.ctp, line 138]
2018-04-03 13:32:29 Notice: Notice (8): Undefined variable: EditUserProfileDetail in [/data/Projects/grouper/app/views/elements/edit_profile_modal.ctp, line 150]
2018-04-03 13:32:29 Notice: Notice (8): Undefined variable: EditUserProfileDetail in [/data/Projects/grouper/app/views/elements/edit_profile_modal.ctp, line 161]
2018-04-03 13:32:29 Notice: Notice (8): Undefined variable: EditUserProfileDetail in [/data/Projects/grouper/app/views/elements/edit_profile_modal.ctp, line 169]
2018-04-03 13:32:29 Notice: Notice (8): Undefined variable: EditUserProfileDetail in [/data/Projects/grouper/app/views/elements/edit_profile_modal.ctp, line 174]
2018-04-03 13:32:29 Notice: Notice (8): Undefined variable: EditUserProfileDetail in [/data/Projects/grouper/app/views/elements/edit_profile_modal.ctp, line 183]
2018-04-03 13:32:29 Notice: Notice (8): Undefined variable: EditUserProfileDetail in [/data/Projects/grouper/app/views/elements/edit_profile_modal.ctp, line 184]
2018-04-03 13:32:29 Notice: Notice (8): Undefined variable: EditUserProfileDetail in [/data/Projects/grouper/app/views/elements/edit_profile_modal.ctp, line 185]
2018-04-03 13:32:29 Notice: Notice (8): Undefined variable: state_list in [/data/Projects/grouper/app/views/elements/edit_profile_modal.ctp, line 198]
2018-04-03 13:32:29 Notice: Notice (8): Undefined variable: city_list in [/data/Projects/grouper/app/views/elements/edit_profile_modal.ctp, line 213]
2018-04-03 13:32:29 Notice: Notice (8): Undefined variable: notification_count in [/data/Projects/grouper/app/views/elements/inner_header.ctp, line 647]
2018-04-03 13:32:29 Notice: Notice (8): Undefined variable: ArChatCount in [/data/Projects/grouper/app/views/elements/inner_header.ctp, line 660]
2018-04-03 13:33:05 Notice: Notice (8): Undefined variable: c in [/data/Projects/grouper/app/views/home/faq.ctp, line 146]
2018-04-03 13:33:05 Notice: Notice (8): Undefined variable: EditUserProfileDetail in [/data/Projects/grouper/app/views/elements/edit_profile_modal.ctp, line 138]
2018-04-03 13:33:05 Notice: Notice (8): Undefined variable: EditUserProfileDetail in [/data/Projects/grouper/app/views/elements/edit_profile_modal.ctp, line 150]
2018-04-03 13:33:05 Notice: Notice (8): Undefined variable: EditUserProfileDetail in [/data/Projects/grouper/app/views/elements/edit_profile_modal.ctp, line 161]
2018-04-03 13:33:05 Notice: Notice (8): Undefined variable: EditUserProfileDetail in [/data/Projects/grouper/app/views/elements/edit_profile_modal.ctp, line 169]
2018-04-03 13:33:05 Notice: Notice (8): Undefined variable: EditUserProfileDetail in [/data/Projects/grouper/app/views/elements/edit_profile_modal.ctp, line 174]
2018-04-03 13:33:05 Notice: Notice (8): Undefined variable: EditUserProfileDetail in [/data/Projects/grouper/app/views/elements/edit_profile_modal.ctp, line 183]
2018-04-03 13:33:05 Notice: Notice (8): Undefined variable: EditUserProfileDetail in [/data/Projects/grouper/app/views/elements/edit_profile_modal.ctp, line 184]
2018-04-03 13:33:05 Notice: Notice (8): Undefined variable: EditUserProfileDetail in [/data/Projects/grouper/app/views/elements/edit_profile_modal.ctp, line 185]
2018-04-03 13:33:05 Notice: Notice (8): Undefined variable: state_list in [/data/Projects/grouper/app/views/elements/edit_profile_modal.ctp, line 198]
2018-04-03 13:33:05 Notice: Notice (8): Undefined variable: city_list in [/data/Projects/grouper/app/views/elements/edit_profile_modal.ctp, line 213]
2018-04-03 13:33:05 Notice: Notice (8): Undefined variable: notification_count in [/data/Projects/grouper/app/views/elements/inner_header.ctp, line 647]
2018-04-03 13:33:05 Notice: Notice (8): Undefined variable: ArChatCount in [/data/Projects/grouper/app/views/elements/inner_header.ctp, line 660]
2018-04-03 13:33:37 Notice: Notice (8): Undefined variable: c in [/data/Projects/grouper/app/views/home/faq.ctp, line 148]
2018-04-03 13:33:37 Notice: Notice (8): Undefined variable: EditUserProfileDetail in [/data/Projects/grouper/app/views/elements/edit_profile_modal.ctp, line 138]
2018-04-03 13:33:37 Notice: Notice (8): Undefined variable: EditUserProfileDetail in [/data/Projects/grouper/app/views/elements/edit_profile_modal.ctp, line 150]
2018-04-03 13:33:37 Notice: Notice (8): Undefined variable: EditUserProfileDetail in [/data/Projects/grouper/app/views/elements/edit_profile_modal.ctp, line 161]
2018-04-03 13:33:37 Notice: Notice (8): Undefined variable: EditUserProfileDetail in [/data/Projects/grouper/app/views/elements/edit_profile_modal.ctp, line 169]
2018-04-03 13:33:37 Notice: Notice (8): Undefined variable: EditUserProfileDetail in [/data/Projects/grouper/app/views/elements/edit_profile_modal.ctp, line 174]
2018-04-03 13:33:37 Notice: Notice (8): Undefined variable: EditUserProfileDetail in [/data/Projects/grouper/app/views/elements/edit_profile_modal.ctp, line 183]
2018-04-03 13:33:37 Notice: Notice (8): Undefined variable: EditUserProfileDetail in [/data/Projects/grouper/app/views/elements/edit_profile_modal.ctp, line 184]
2018-04-03 13:33:37 Notice: Notice (8): Undefined variable: EditUserProfileDetail in [/data/Projects/grouper/app/views/elements/edit_profile_modal.ctp, line 185]
2018-04-03 13:33:37 Notice: Notice (8): Undefined variable: state_list in [/data/Projects/grouper/app/views/elements/edit_profile_modal.ctp, line 198]
2018-04-03 13:33:37 Notice: Notice (8): Undefined variable: city_list in [/data/Projects/grouper/app/views/elements/edit_profile_modal.ctp, line 213]
2018-04-03 13:33:37 Notice: Notice (8): Undefined variable: notification_count in [/data/Projects/grouper/app/views/elements/inner_header.ctp, line 647]
2018-04-03 13:33:37 Notice: Notice (8): Undefined variable: ArChatCount in [/data/Projects/grouper/app/views/elements/inner_header.ctp, line 660]
2018-04-03 13:33:47 Notice: Notice (8): Undefined variable: c in [/data/Projects/grouper/app/views/home/faq.ctp, line 148]
2018-04-03 13:33:47 Notice: Notice (8): Undefined variable: EditUserProfileDetail in [/data/Projects/grouper/app/views/elements/edit_profile_modal.ctp, line 138]
2018-04-03 13:33:47 Notice: Notice (8): Undefined variable: EditUserProfileDetail in [/data/Projects/grouper/app/views/elements/edit_profile_modal.ctp, line 150]
2018-04-03 13:33:47 Notice: Notice (8): Undefined variable: EditUserProfileDetail in [/data/Projects/grouper/app/views/elements/edit_profile_modal.ctp, line 161]
2018-04-03 13:33:47 Notice: Notice (8): Undefined variable: EditUserProfileDetail in [/data/Projects/grouper/app/views/elements/edit_profile_modal.ctp, line 169]
2018-04-03 13:33:47 Notice: Notice (8): Undefined variable: EditUserProfileDetail in [/data/Projects/grouper/app/views/elements/edit_profile_modal.ctp, line 174]
2018-04-03 13:33:47 Notice: Notice (8): Undefined variable: EditUserProfileDetail in [/data/Projects/grouper/app/views/elements/edit_profile_modal.ctp, line 183]
2018-04-03 13:33:47 Notice: Notice (8): Undefined variable: EditUserProfileDetail in [/data/Projects/grouper/app/views/elements/edit_profile_modal.ctp, line 184]
2018-04-03 13:33:47 Notice: Notice (8): Undefined variable: EditUserProfileDetail in [/data/Projects/grouper/app/views/elements/edit_profile_modal.ctp, line 185]
2018-04-03 13:33:47 Notice: Notice (8): Undefined variable: state_list in [/data/Projects/grouper/app/views/elements/edit_profile_modal.ctp, line 198]
2018-04-03 13:33:47 Notice: Notice (8): Undefined variable: city_list in [/data/Projects/grouper/app/views/elements/edit_profile_modal.ctp, line 213]
2018-04-03 13:33:47 Notice: Notice (8): Undefined variable: notification_count in [/data/Projects/grouper/app/views/elements/inner_header.ctp, line 647]
2018-04-03 13:33:47 Notice: Notice (8): Undefined variable: ArChatCount in [/data/Projects/grouper/app/views/elements/inner_header.ctp, line 660]
2018-04-03 13:34:23 Notice: Notice (8): Undefined variable: c in [/data/Projects/grouper/app/views/home/faq.ctp, line 151]
2018-04-03 13:34:23 Notice: Notice (8): Undefined variable: EditUserProfileDetail in [/data/Projects/grouper/app/views/elements/edit_profile_modal.ctp, line 138]
2018-04-03 13:34:23 Notice: Notice (8): Undefined variable: EditUserProfileDetail in [/data/Projects/grouper/app/views/elements/edit_profile_modal.ctp, line 150]
2018-04-03 13:34:23 Notice: Notice (8): Undefined variable: EditUserProfileDetail in [/data/Projects/grouper/app/views/elements/edit_profile_modal.ctp, line 161]
2018-04-03 13:34:23 Notice: Notice (8): Undefined variable: EditUserProfileDetail in [/data/Projects/grouper/app/views/elements/edit_profile_modal.ctp, line 169]
2018-04-03 13:34:23 Notice: Notice (8): Undefined variable: EditUserProfileDetail in [/data/Projects/grouper/app/views/elements/edit_profile_modal.ctp, line 174]
2018-04-03 13:34:23 Notice: Notice (8): Undefined variable: EditUserProfileDetail in [/data/Projects/grouper/app/views/elements/edit_profile_modal.ctp, line 183]
2018-04-03 13:34:23 Notice: Notice (8): Undefined variable: EditUserProfileDetail in [/data/Projects/grouper/app/views/elements/edit_profile_modal.ctp, line 184]
2018-04-03 13:34:23 Notice: Notice (8): Undefined variable: EditUserProfileDetail in [/data/Projects/grouper/app/views/elements/edit_profile_modal.ctp, line 185]
2018-04-03 13:34:23 Notice: Notice (8): Undefined variable: state_list in [/data/Projects/grouper/app/views/elements/edit_profile_modal.ctp, line 198]
2018-04-03 13:34:23 Notice: Notice (8): Undefined variable: city_list in [/data/Projects/grouper/app/views/elements/edit_profile_modal.ctp, line 213]
2018-04-03 13:34:23 Notice: Notice (8): Undefined variable: notification_count in [/data/Projects/grouper/app/views/elements/inner_header.ctp, line 647]
2018-04-03 13:34:23 Notice: Notice (8): Undefined variable: ArChatCount in [/data/Projects/grouper/app/views/elements/inner_header.ctp, line 660]
2018-04-03 13:34:44 Notice: Notice (8): Undefined variable: c in [/data/Projects/grouper/app/views/home/faq.ctp, line 151]
2018-04-03 13:34:44 Notice: Notice (8): Undefined variable: EditUserProfileDetail in [/data/Projects/grouper/app/views/elements/edit_profile_modal.ctp, line 138]
2018-04-03 13:34:44 Notice: Notice (8): Undefined variable: EditUserProfileDetail in [/data/Projects/grouper/app/views/elements/edit_profile_modal.ctp, line 150]
2018-04-03 13:34:44 Notice: Notice (8): Undefined variable: EditUserProfileDetail in [/data/Projects/grouper/app/views/elements/edit_profile_modal.ctp, line 161]
2018-04-03 13:34:44 Notice: Notice (8): Undefined variable: EditUserProfileDetail in [/data/Projects/grouper/app/views/elements/edit_profile_modal.ctp, line 169]
2018-04-03 13:34:44 Notice: Notice (8): Undefined variable: EditUserProfileDetail in [/data/Projects/grouper/app/views/elements/edit_profile_modal.ctp, line 174]
2018-04-03 13:34:44 Notice: Notice (8): Undefined variable: EditUserProfileDetail in [/data/Projects/grouper/app/views/elements/edit_profile_modal.ctp, line 183]
2018-04-03 13:34:44 Notice: Notice (8): Undefined variable: EditUserProfileDetail in [/data/Projects/grouper/app/views/elements/edit_profile_modal.ctp, line 184]
2018-04-03 13:34:44 Notice: Notice (8): Undefined variable: EditUserProfileDetail in [/data/Projects/grouper/app/views/elements/edit_profile_modal.ctp, line 185]
2018-04-03 13:34:44 Notice: Notice (8): Undefined variable: state_list in [/data/Projects/grouper/app/views/elements/edit_profile_modal.ctp, line 198]
2018-04-03 13:34:45 Notice: Notice (8): Undefined variable: city_list in [/data/Projects/grouper/app/views/elements/edit_profile_modal.ctp, line 213]
2018-04-03 13:34:45 Notice: Notice (8): Undefined variable: notification_count in [/data/Projects/grouper/app/views/elements/inner_header.ctp, line 647]
2018-04-03 13:34:45 Notice: Notice (8): Undefined variable: ArChatCount in [/data/Projects/grouper/app/views/elements/inner_header.ctp, line 660]
2018-04-16 12:26:59 Notice: Notice (8): Undefined variable: EditUserProfileDetail in [/data/Projects/grouper/app/views/elements/edit_profile_modal.ctp, line 138]
2018-04-16 12:26:59 Notice: Notice (8): Undefined variable: EditUserProfileDetail in [/data/Projects/grouper/app/views/elements/edit_profile_modal.ctp, line 150]
2018-04-16 12:26:59 Notice: Notice (8): Undefined variable: EditUserProfileDetail in [/data/Projects/grouper/app/views/elements/edit_profile_modal.ctp, line 161]
2018-04-16 12:26:59 Notice: Notice (8): Undefined variable: EditUserProfileDetail in [/data/Projects/grouper/app/views/elements/edit_profile_modal.ctp, line 169]
2018-04-16 12:26:59 Notice: Notice (8): Undefined variable: EditUserProfileDetail in [/data/Projects/grouper/app/views/elements/edit_profile_modal.ctp, line 174]
2018-04-16 12:26:59 Notice: Notice (8): Undefined variable: EditUserProfileDetail in [/data/Projects/grouper/app/views/elements/edit_profile_modal.ctp, line 183]
2018-04-16 12:26:59 Notice: Notice (8): Undefined variable: EditUserProfileDetail in [/data/Projects/grouper/app/views/elements/edit_profile_modal.ctp, line 184]
2018-04-16 12:26:59 Notice: Notice (8): Undefined variable: EditUserProfileDetail in [/data/Projects/grouper/app/views/elements/edit_profile_modal.ctp, line 185]
2018-04-16 12:26:59 Notice: Notice (8): Undefined variable: state_list in [/data/Projects/grouper/app/views/elements/edit_profile_modal.ctp, line 198]
2018-04-16 12:26:59 Notice: Notice (8): Undefined variable: city_list in [/data/Projects/grouper/app/views/elements/edit_profile_modal.ctp, line 213]
2018-04-16 12:26:59 Notice: Notice (8): Undefined variable: notification_count in [/data/Projects/grouper/app/views/elements/home_header.ctp, line 686]
2018-04-16 12:26:59 Notice: Notice (8): Undefined variable: ArChatCount in [/data/Projects/grouper/app/views/elements/home_header.ctp, line 701]
2018-04-30 16:20:10 Notice: Notice (8): Undefined variable: EditUserProfileDetail in [/data/Projects/grouper/app/views/elements/edit_profile_modal.ctp, line 138]
2018-04-30 16:20:10 Notice: Notice (8): Undefined variable: EditUserProfileDetail in [/data/Projects/grouper/app/views/elements/edit_profile_modal.ctp, line 150]
2018-04-30 16:20:10 Notice: Notice (8): Undefined variable: EditUserProfileDetail in [/data/Projects/grouper/app/views/elements/edit_profile_modal.ctp, line 161]
2018-04-30 16:20:10 Notice: Notice (8): Undefined variable: EditUserProfileDetail in [/data/Projects/grouper/app/views/elements/edit_profile_modal.ctp, line 169]
2018-04-30 16:20:10 Notice: Notice (8): Undefined variable: EditUserProfileDetail in [/data/Projects/grouper/app/views/elements/edit_profile_modal.ctp, line 174]
2018-04-30 16:20:10 Notice: Notice (8): Undefined variable: EditUserProfileDetail in [/data/Projects/grouper/app/views/elements/edit_profile_modal.ctp, line 183]
2018-04-30 16:20:10 Notice: Notice (8): Undefined variable: EditUserProfileDetail in [/data/Projects/grouper/app/views/elements/edit_profile_modal.ctp, line 184]
2018-04-30 16:20:10 Notice: Notice (8): Undefined variable: EditUserProfileDetail in [/data/Projects/grouper/app/views/elements/edit_profile_modal.ctp, line 185]
2018-04-30 16:20:10 Notice: Notice (8): Undefined variable: state_list in [/data/Projects/grouper/app/views/elements/edit_profile_modal.ctp, line 198]
2018-04-30 16:20:10 Notice: Notice (8): Undefined variable: city_list in [/data/Projects/grouper/app/views/elements/edit_profile_modal.ctp, line 213]
2018-04-30 16:20:10 Notice: Notice (8): Undefined variable: notification_count in [/data/Projects/grouper/app/views/elements/home_header.ctp, line 686]
2018-04-30 16:20:10 Notice: Notice (8): Undefined variable: ArChatCount in [/data/Projects/grouper/app/views/elements/home_header.ctp, line 701]
2018-04-30 16:20:17 Notice: Notice (8): Undefined variable: EditUserProfileDetail in [/data/Projects/grouper/app/views/elements/edit_profile_modal.ctp, line 138]
2018-04-30 16:20:17 Notice: Notice (8): Undefined variable: EditUserProfileDetail in [/data/Projects/grouper/app/views/elements/edit_profile_modal.ctp, line 150]
2018-04-30 16:20:17 Notice: Notice (8): Undefined variable: EditUserProfileDetail in [/data/Projects/grouper/app/views/elements/edit_profile_modal.ctp, line 161]
2018-04-30 16:20:17 Notice: Notice (8): Undefined variable: EditUserProfileDetail in [/data/Projects/grouper/app/views/elements/edit_profile_modal.ctp, line 169]
2018-04-30 16:20:17 Notice: Notice (8): Undefined variable: EditUserProfileDetail in [/data/Projects/grouper/app/views/elements/edit_profile_modal.ctp, line 174]
2018-04-30 16:20:17 Notice: Notice (8): Undefined variable: EditUserProfileDetail in [/data/Projects/grouper/app/views/elements/edit_profile_modal.ctp, line 183]
2018-04-30 16:20:17 Notice: Notice (8): Undefined variable: EditUserProfileDetail in [/data/Projects/grouper/app/views/elements/edit_profile_modal.ctp, line 184]
2018-04-30 16:20:17 Notice: Notice (8): Undefined variable: EditUserProfileDetail in [/data/Projects/grouper/app/views/elements/edit_profile_modal.ctp, line 185]
2018-04-30 16:20:17 Notice: Notice (8): Undefined variable: state_list in [/data/Projects/grouper/app/views/elements/edit_profile_modal.ctp, line 198]
2018-04-30 16:20:17 Notice: Notice (8): Undefined variable: city_list in [/data/Projects/grouper/app/views/elements/edit_profile_modal.ctp, line 213]
2018-04-30 16:20:17 Notice: Notice (8): Undefined variable: notification_count in [/data/Projects/grouper/app/views/elements/home_header.ctp, line 686]
2018-04-30 16:20:17 Notice: Notice (8): Undefined variable: ArChatCount in [/data/Projects/grouper/app/views/elements/home_header.ctp, line 701]
2018-04-30 16:20:23 Notice: Notice (8): Undefined variable: loggedUserState in [/data/Projects/grouper/app/views/elements/home_header.ctp, line 729]
2018-04-30 16:20:23 Notice: Notice (8): Undefined variable: loggedUserCity in [/data/Projects/grouper/app/views/elements/home_header.ctp, line 729]
2018-04-30 16:20:45 Notice: Notice (8): Undefined index: group_url in [/data/Projects/grouper/app/views/group/group_detail.ctp, line 838]
2018-04-30 16:20:45 Notice: Notice (8): Undefined index: group_url in [/data/Projects/grouper/app/views/group/group_detail.ctp, line 1249]
2018-04-30 16:20:53 Notice: Notice (8): Undefined variable: group_id in [/data/Projects/grouper/app/controllers/group_controller.php, line 1608]
2018-04-30 16:20:53 Notice: Notice (8): Undefined variable: group_id in [/data/Projects/grouper/app/controllers/group_controller.php, line 1652]
2018-04-30 16:20:53 Notice: Notice (8): Undefined variable: group_id in [/data/Projects/grouper/app/controllers/group_controller.php, line 1671]
2018-04-30 16:20:53 Notice: Notice (8): Undefined variable: group_user_type in [/data/Projects/grouper/app/controllers/group_controller.php, line 1747]
2018-04-30 16:20:53 Notice: Notice (8): Undefined variable: group_id in [/data/Projects/grouper/app/controllers/group_controller.php, line 1756]
2018-04-30 16:20:53 Notice: Notice (8): Undefined variable: group_id in [/data/Projects/grouper/app/controllers/group_controller.php, line 1764]
2018-04-30 16:20:53 Notice: Notice (8): Undefined variable: group_id in [/data/Projects/grouper/app/controllers/group_controller.php, line 1773]
2018-04-30 16:20:53 Notice: Notice (8): Undefined variable: group_id in [/data/Projects/grouper/app/controllers/group_controller.php, line 1783]
2018-04-30 16:20:54 Notice: Notice (8): Undefined variable: group_id in [/data/Projects/grouper/app/controllers/group_controller.php, line 1822]
2018-04-30 16:20:54 Notice: Notice (8): Undefined variable: group_id in [/data/Projects/grouper/app/controllers/group_controller.php, line 1891]
2018-04-30 16:20:57 Notice: Notice (8): Undefined variable: group_id in [/data/Projects/grouper/app/controllers/group_controller.php, line 1608]
2018-04-30 16:20:57 Notice: Notice (8): Undefined variable: group_id in [/data/Projects/grouper/app/controllers/group_controller.php, line 1652]
2018-04-30 16:20:57 Notice: Notice (8): Undefined variable: group_id in [/data/Projects/grouper/app/controllers/group_controller.php, line 1671]
2018-04-30 16:20:57 Notice: Notice (8): Undefined variable: group_user_type in [/data/Projects/grouper/app/controllers/group_controller.php, line 1747]
2018-04-30 16:20:57 Notice: Notice (8): Undefined variable: group_id in [/data/Projects/grouper/app/controllers/group_controller.php, line 1756]
2018-04-30 16:20:57 Notice: Notice (8): Undefined variable: group_id in [/data/Projects/grouper/app/controllers/group_controller.php, line 1764]
2018-04-30 16:20:57 Notice: Notice (8): Undefined variable: group_id in [/data/Projects/grouper/app/controllers/group_controller.php, line 1773]
2018-04-30 16:20:57 Notice: Notice (8): Undefined variable: group_id in [/data/Projects/grouper/app/controllers/group_controller.php, line 1783]
2018-04-30 16:20:57 Notice: Notice (8): Undefined variable: group_id in [/data/Projects/grouper/app/controllers/group_controller.php, line 1822]
2018-04-30 16:20:57 Notice: Notice (8): Undefined variable: group_id in [/data/Projects/grouper/app/controllers/group_controller.php, line 1891]
2018-04-30 16:20:58 Notice: Notice (8): Undefined variable: group_id in [/data/Projects/grouper/app/controllers/group_controller.php, line 1608]
2018-04-30 16:20:58 Notice: Notice (8): Undefined variable: group_id in [/data/Projects/grouper/app/controllers/group_controller.php, line 1652]
2018-04-30 16:20:58 Notice: Notice (8): Undefined variable: group_id in [/data/Projects/grouper/app/controllers/group_controller.php, line 1671]
2018-04-30 16:20:58 Notice: Notice (8): Undefined variable: group_user_type in [/data/Projects/grouper/app/controllers/group_controller.php, line 1747]
2018-04-30 16:20:58 Notice: Notice (8): Undefined variable: group_id in [/data/Projects/grouper/app/controllers/group_controller.php, line 1756]
2018-04-30 16:20:58 Notice: Notice (8): Undefined variable: group_id in [/data/Projects/grouper/app/controllers/group_controller.php, line 1764]
2018-04-30 16:20:58 Notice: Notice (8): Undefined variable: group_id in [/data/Projects/grouper/app/controllers/group_controller.php, line 1773]
2018-04-30 16:20:58 Notice: Notice (8): Undefined variable: group_id in [/data/Projects/grouper/app/controllers/group_controller.php, line 1783]
2018-04-30 16:20:58 Notice: Notice (8): Undefined variable: group_id in [/data/Projects/grouper/app/controllers/group_controller.php, line 1822]
2018-04-30 16:20:58 Notice: Notice (8): Undefined variable: group_id in [/data/Projects/grouper/app/controllers/group_controller.php, line 1891]
2018-04-30 16:21:40 Notice: Notice (8): Undefined variable: group_user_type in [/data/Projects/grouper/app/controllers/group_controller.php, line 1747]
2018-04-30 16:21:40 Notice: Notice (8): Undefined index: group_url in [/data/Projects/grouper/app/views/group/group_detail.ctp, line 838]
2018-04-30 16:21:40 Notice: Notice (8): Undefined index: group_url in [/data/Projects/grouper/app/views/group/group_detail.ctp, line 1249]
2018-04-30 16:21:40 Notice: Notice (8): Undefined variable: EditUserProfileDetail in [/data/Projects/grouper/app/views/elements/edit_profile_modal.ctp, line 138]
2018-04-30 16:21:40 Notice: Notice (8): Undefined variable: EditUserProfileDetail in [/data/Projects/grouper/app/views/elements/edit_profile_modal.ctp, line 150]
2018-04-30 16:21:40 Notice: Notice (8): Undefined variable: EditUserProfileDetail in [/data/Projects/grouper/app/views/elements/edit_profile_modal.ctp, line 161]
2018-04-30 16:21:40 Notice: Notice (8): Undefined variable: EditUserProfileDetail in [/data/Projects/grouper/app/views/elements/edit_profile_modal.ctp, line 169]
2018-04-30 16:21:40 Notice: Notice (8): Undefined variable: EditUserProfileDetail in [/data/Projects/grouper/app/views/elements/edit_profile_modal.ctp, line 174]
2018-04-30 16:21:40 Notice: Notice (8): Undefined variable: EditUserProfileDetail in [/data/Projects/grouper/app/views/elements/edit_profile_modal.ctp, line 183]
2018-04-30 16:21:40 Notice: Notice (8): Undefined variable: EditUserProfileDetail in [/data/Projects/grouper/app/views/elements/edit_profile_modal.ctp, line 184]
2018-04-30 16:21:40 Notice: Notice (8): Undefined variable: EditUserProfileDetail in [/data/Projects/grouper/app/views/elements/edit_profile_modal.ctp, line 185]
2018-04-30 16:21:40 Notice: Notice (8): Undefined variable: state_list in [/data/Projects/grouper/app/views/elements/edit_profile_modal.ctp, line 198]
2018-04-30 16:21:40 Notice: Notice (8): Undefined variable: city_list in [/data/Projects/grouper/app/views/elements/edit_profile_modal.ctp, line 213]
2018-04-30 16:21:40 Notice: Notice (8): Undefined variable: notification_count in [/data/Projects/grouper/app/views/elements/inner_header.ctp, line 647]
2018-04-30 16:21:40 Notice: Notice (8): Undefined variable: ArChatCount in [/data/Projects/grouper/app/views/elements/inner_header.ctp, line 660]
2018-04-30 16:22:03 Notice: Notice (8): Undefined variable: loggedUserState in [/data/Projects/grouper/app/views/elements/home_header.ctp, line 729]
2018-04-30 16:22:03 Notice: Notice (8): Undefined variable: loggedUserCity in [/data/Projects/grouper/app/views/elements/home_header.ctp, line 729]
2018-04-30 16:22:16 Notice: Notice (8): Undefined index: group_url in [/data/Projects/grouper/app/views/group/group_detail.ctp, line 838]
2018-04-30 16:22:16 Notice: Notice (8): Undefined index: group_url in [/data/Projects/grouper/app/views/group/group_detail.ctp, line 1249]
2018-04-30 16:22:28 Notice: Notice (8): Undefined variable: group_id in [/data/Projects/grouper/app/controllers/group_controller.php, line 1608]
2018-04-30 16:22:28 Notice: Notice (8): Undefined variable: group_id in [/data/Projects/grouper/app/controllers/group_controller.php, line 1652]
2018-04-30 16:22:29 Notice: Notice (8): Undefined variable: group_id in [/data/Projects/grouper/app/controllers/group_controller.php, line 1671]
2018-04-30 16:22:29 Notice: Notice (8): Undefined variable: group_user_type in [/data/Projects/grouper/app/controllers/group_controller.php, line 1747]
2018-04-30 16:22:29 Notice: Notice (8): Undefined variable: group_id in [/data/Projects/grouper/app/controllers/group_controller.php, line 1756]
2018-04-30 16:22:29 Notice: Notice (8): Undefined variable: group_id in [/data/Projects/grouper/app/controllers/group_controller.php, line 1764]
2018-04-30 16:22:29 Notice: Notice (8): Undefined variable: group_id in [/data/Projects/grouper/app/controllers/group_controller.php, line 1773]
2018-04-30 16:22:29 Notice: Notice (8): Undefined variable: group_id in [/data/Projects/grouper/app/controllers/group_controller.php, line 1783]
2018-04-30 16:22:29 Notice: Notice (8): Undefined variable: group_id in [/data/Projects/grouper/app/controllers/group_controller.php, line 1822]
2018-04-30 16:22:29 Notice: Notice (8): Undefined variable: group_id in [/data/Projects/grouper/app/controllers/group_controller.php, line 1891]
2018-04-30 16:22:34 Notice: Notice (8): Undefined variable: group_id in [/data/Projects/grouper/app/controllers/group_controller.php, line 1608]
2018-04-30 16:22:34 Notice: Notice (8): Undefined variable: group_id in [/data/Projects/grouper/app/controllers/group_controller.php, line 1652]
2018-04-30 16:22:34 Notice: Notice (8): Undefined variable: group_id in [/data/Projects/grouper/app/controllers/group_controller.php, line 1671]
2018-04-30 16:22:34 Notice: Notice (8): Undefined variable: group_user_type in [/data/Projects/grouper/app/controllers/group_controller.php, line 1747]
2018-04-30 16:22:34 Notice: Notice (8): Undefined variable: group_id in [/data/Projects/grouper/app/controllers/group_controller.php, line 1756]
2018-04-30 16:22:35 Notice: Notice (8): Undefined variable: group_id in [/data/Projects/grouper/app/controllers/group_controller.php, line 1764]
2018-04-30 16:22:35 Notice: Notice (8): Undefined variable: group_id in [/data/Projects/grouper/app/controllers/group_controller.php, line 1773]
2018-04-30 16:22:35 Notice: Notice (8): Undefined variable: group_id in [/data/Projects/grouper/app/controllers/group_controller.php, line 1783]
2018-04-30 16:22:35 Notice: Notice (8): Undefined variable: group_id in [/data/Projects/grouper/app/controllers/group_controller.php, line 1822]
2018-04-30 16:22:35 Notice: Notice (8): Undefined variable: group_id in [/data/Projects/grouper/app/controllers/group_controller.php, line 1891]
2018-04-30 16:26:06 Notice: Notice (8): Undefined variable: group_user_type in [/data/Projects/grouper/app/controllers/group_controller.php, line 1747]
2018-04-30 16:26:06 Notice: Notice (8): Undefined index: group_url in [/data/Projects/grouper/app/views/group/group_detail.ctp, line 838]
2018-04-30 16:26:06 Notice: Notice (8): Undefined index: group_url in [/data/Projects/grouper/app/views/group/group_detail.ctp, line 1249]
2018-04-30 16:26:06 Notice: Notice (8): Undefined variable: EditUserProfileDetail in [/data/Projects/grouper/app/views/elements/edit_profile_modal.ctp, line 138]
2018-04-30 16:26:06 Notice: Notice (8): Undefined variable: EditUserProfileDetail in [/data/Projects/grouper/app/views/elements/edit_profile_modal.ctp, line 150]
2018-04-30 16:26:06 Notice: Notice (8): Undefined variable: EditUserProfileDetail in [/data/Projects/grouper/app/views/elements/edit_profile_modal.ctp, line 161]
2018-04-30 16:26:06 Notice: Notice (8): Undefined variable: EditUserProfileDetail in [/data/Projects/grouper/app/views/elements/edit_profile_modal.ctp, line 169]
2018-04-30 16:26:06 Notice: Notice (8): Undefined variable: EditUserProfileDetail in [/data/Projects/grouper/app/views/elements/edit_profile_modal.ctp, line 174]
2018-04-30 16:26:06 Notice: Notice (8): Undefined variable: EditUserProfileDetail in [/data/Projects/grouper/app/views/elements/edit_profile_modal.ctp, line 183]
2018-04-30 16:26:06 Notice: Notice (8): Undefined variable: EditUserProfileDetail in [/data/Projects/grouper/app/views/elements/edit_profile_modal.ctp, line 184]
2018-04-30 16:26:06 Notice: Notice (8): Undefined variable: EditUserProfileDetail in [/data/Projects/grouper/app/views/elements/edit_profile_modal.ctp, line 185]
2018-04-30 16:26:06 Notice: Notice (8): Undefined variable: state_list in [/data/Projects/grouper/app/views/elements/edit_profile_modal.ctp, line 198]
2018-04-30 16:26:06 Notice: Notice (8): Undefined variable: city_list in [/data/Projects/grouper/app/views/elements/edit_profile_modal.ctp, line 213]
2018-04-30 16:26:06 Notice: Notice (8): Undefined variable: notification_count in [/data/Projects/grouper/app/views/elements/inner_header.ctp, line 647]
2018-04-30 16:26:06 Notice: Notice (8): Undefined variable: ArChatCount in [/data/Projects/grouper/app/views/elements/inner_header.ctp, line 660]
2018-05-23 13:37:24 Notice: Notice (8): Undefined variable: EditUserProfileDetail in [/data/Projects/grouper/app/views/elements/edit_profile_modal.ctp, line 138]
2018-05-23 13:37:24 Notice: Notice (8): Undefined variable: EditUserProfileDetail in [/data/Projects/grouper/app/views/elements/edit_profile_modal.ctp, line 150]
2018-05-23 13:37:24 Notice: Notice (8): Undefined variable: EditUserProfileDetail in [/data/Projects/grouper/app/views/elements/edit_profile_modal.ctp, line 161]
2018-05-23 13:37:24 Notice: Notice (8): Undefined variable: EditUserProfileDetail in [/data/Projects/grouper/app/views/elements/edit_profile_modal.ctp, line 169]
2018-05-23 13:37:24 Notice: Notice (8): Undefined variable: EditUserProfileDetail in [/data/Projects/grouper/app/views/elements/edit_profile_modal.ctp, line 174]
2018-05-23 13:37:24 Notice: Notice (8): Undefined variable: EditUserProfileDetail in [/data/Projects/grouper/app/views/elements/edit_profile_modal.ctp, line 183]
2018-05-23 13:37:24 Notice: Notice (8): Undefined variable: EditUserProfileDetail in [/data/Projects/grouper/app/views/elements/edit_profile_modal.ctp, line 184]
2018-05-23 13:37:24 Notice: Notice (8): Undefined variable: EditUserProfileDetail in [/data/Projects/grouper/app/views/elements/edit_profile_modal.ctp, line 185]
2018-05-23 13:37:24 Notice: Notice (8): Undefined variable: state_list in [/data/Projects/grouper/app/views/elements/edit_profile_modal.ctp, line 198]
2018-05-23 13:37:24 Notice: Notice (8): Undefined variable: city_list in [/data/Projects/grouper/app/views/elements/edit_profile_modal.ctp, line 213]
2018-05-23 13:37:24 Notice: Notice (8): Undefined variable: notification_count in [/data/Projects/grouper/app/views/elements/home_header.ctp, line 686]
2018-05-23 13:37:24 Notice: Notice (8): Undefined variable: ArChatCount in [/data/Projects/grouper/app/views/elements/home_header.ctp, line 701]
2018-05-23 13:41:40 Notice: Notice (8): Undefined variable: EditUserProfileDetail in [/data/Projects/grouper/app/views/elements/edit_profile_modal.ctp, line 138]
2018-05-23 13:41:40 Notice: Notice (8): Undefined variable: EditUserProfileDetail in [/data/Projects/grouper/app/views/elements/edit_profile_modal.ctp, line 150]
2018-05-23 13:41:40 Notice: Notice (8): Undefined variable: EditUserProfileDetail in [/data/Projects/grouper/app/views/elements/edit_profile_modal.ctp, line 161]
2018-05-23 13:41:40 Notice: Notice (8): Undefined variable: EditUserProfileDetail in [/data/Projects/grouper/app/views/elements/edit_profile_modal.ctp, line 169]
2018-05-23 13:41:40 Notice: Notice (8): Undefined variable: EditUserProfileDetail in [/data/Projects/grouper/app/views/elements/edit_profile_modal.ctp, line 174]
2018-05-23 13:41:40 Notice: Notice (8): Undefined variable: EditUserProfileDetail in [/data/Projects/grouper/app/views/elements/edit_profile_modal.ctp, line 183]
2018-05-23 13:41:40 Notice: Notice (8): Undefined variable: EditUserProfileDetail in [/data/Projects/grouper/app/views/elements/edit_profile_modal.ctp, line 184]
2018-05-23 13:41:40 Notice: Notice (8): Undefined variable: EditUserProfileDetail in [/data/Projects/grouper/app/views/elements/edit_profile_modal.ctp, line 185]
2018-05-23 13:41:40 Notice: Notice (8): Undefined variable: state_list in [/data/Projects/grouper/app/views/elements/edit_profile_modal.ctp, line 198]
2018-05-23 13:41:40 Notice: Notice (8): Undefined variable: city_list in [/data/Projects/grouper/app/views/elements/edit_profile_modal.ctp, line 213]
2018-05-23 13:41:40 Notice: Notice (8): Undefined variable: notification_count in [/data/Projects/grouper/app/views/elements/home_header.ctp, line 686]
2018-05-23 13:41:40 Notice: Notice (8): Undefined variable: ArChatCount in [/data/Projects/grouper/app/views/elements/home_header.ctp, line 701]
2018-05-23 13:42:49 Notice: Notice (8): Undefined variable: c in [/data/Projects/grouper/app/views/home/faq.ctp, line 151]
2018-05-23 13:42:49 Notice: Notice (8): Undefined variable: EditUserProfileDetail in [/data/Projects/grouper/app/views/elements/edit_profile_modal.ctp, line 138]
2018-05-23 13:42:49 Notice: Notice (8): Undefined variable: EditUserProfileDetail in [/data/Projects/grouper/app/views/elements/edit_profile_modal.ctp, line 150]
2018-05-23 13:42:49 Notice: Notice (8): Undefined variable: EditUserProfileDetail in [/data/Projects/grouper/app/views/elements/edit_profile_modal.ctp, line 161]
2018-05-23 13:42:49 Notice: Notice (8): Undefined variable: EditUserProfileDetail in [/data/Projects/grouper/app/views/elements/edit_profile_modal.ctp, line 169]
2018-05-23 13:42:49 Notice: Notice (8): Undefined variable: EditUserProfileDetail in [/data/Projects/grouper/app/views/elements/edit_profile_modal.ctp, line 174]
2018-05-23 13:42:49 Notice: Notice (8): Undefined variable: EditUserProfileDetail in [/data/Projects/grouper/app/views/elements/edit_profile_modal.ctp, line 183]
2018-05-23 13:42:49 Notice: Notice (8): Undefined variable: EditUserProfileDetail in [/data/Projects/grouper/app/views/elements/edit_profile_modal.ctp, line 184]
2018-05-23 13:42:49 Notice: Notice (8): Undefined variable: EditUserProfileDetail in [/data/Projects/grouper/app/views/elements/edit_profile_modal.ctp, line 185]
2018-05-23 13:42:49 Notice: Notice (8): Undefined variable: state_list in [/data/Projects/grouper/app/views/elements/edit_profile_modal.ctp, line 198]
2018-05-23 13:42:49 Notice: Notice (8): Undefined variable: city_list in [/data/Projects/grouper/app/views/elements/edit_profile_modal.ctp, line 213]
2018-05-23 13:42:49 Notice: Notice (8): Undefined variable: notification_count in [/data/Projects/grouper/app/views/elements/inner_header.ctp, line 647]
2018-05-23 13:42:49 Notice: Notice (8): Undefined variable: ArChatCount in [/data/Projects/grouper/app/views/elements/inner_header.ctp, line 660]
2018-05-23 13:42:59 Notice: Notice (8): Undefined variable: EditUserProfileDetail in [/data/Projects/grouper/app/views/elements/edit_profile_modal.ctp, line 138]
2018-05-23 13:42:59 Notice: Notice (8): Undefined variable: EditUserProfileDetail in [/data/Projects/grouper/app/views/elements/edit_profile_modal.ctp, line 150]
2018-05-23 13:42:59 Notice: Notice (8): Undefined variable: EditUserProfileDetail in [/data/Projects/grouper/app/views/elements/edit_profile_modal.ctp, line 161]
2018-05-23 13:42:59 Notice: Notice (8): Undefined variable: EditUserProfileDetail in [/data/Projects/grouper/app/views/elements/edit_profile_modal.ctp, line 169]
2018-05-23 13:42:59 Notice: Notice (8): Undefined variable: EditUserProfileDetail in [/data/Projects/grouper/app/views/elements/edit_profile_modal.ctp, line 174]
2018-05-23 13:42:59 Notice: Notice (8): Undefined variable: EditUserProfileDetail in [/data/Projects/grouper/app/views/elements/edit_profile_modal.ctp, line 183]
2018-05-23 13:42:59 Notice: Notice (8): Undefined variable: EditUserProfileDetail in [/data/Projects/grouper/app/views/elements/edit_profile_modal.ctp, line 184]
2018-05-23 13:42:59 Notice: Notice (8): Undefined variable: EditUserProfileDetail in [/data/Projects/grouper/app/views/elements/edit_profile_modal.ctp, line 185]
2018-05-23 13:42:59 Notice: Notice (8): Undefined variable: state_list in [/data/Projects/grouper/app/views/elements/edit_profile_modal.ctp, line 198]
2018-05-23 13:42:59 Notice: Notice (8): Undefined variable: city_list in [/data/Projects/grouper/app/views/elements/edit_profile_modal.ctp, line 213]
2018-05-23 13:42:59 Notice: Notice (8): Undefined variable: notification_count in [/data/Projects/grouper/app/views/elements/home_header.ctp, line 686]
2018-05-23 13:42:59 Notice: Notice (8): Undefined variable: ArChatCount in [/data/Projects/grouper/app/views/elements/home_header.ctp, line 701]
2018-05-23 13:44:47 Notice: Notice (8): Undefined variable: EditUserProfileDetail in [/data/Projects/grouper/app/views/elements/edit_profile_modal.ctp, line 138]
2018-05-23 13:44:47 Notice: Notice (8): Undefined variable: EditUserProfileDetail in [/data/Projects/grouper/app/views/elements/edit_profile_modal.ctp, line 150]
2018-05-23 13:44:47 Notice: Notice (8): Undefined variable: EditUserProfileDetail in [/data/Projects/grouper/app/views/elements/edit_profile_modal.ctp, line 161]
2018-05-23 13:44:47 Notice: Notice (8): Undefined variable: EditUserProfileDetail in [/data/Projects/grouper/app/views/elements/edit_profile_modal.ctp, line 169]
2018-05-23 13:44:47 Notice: Notice (8): Undefined variable: EditUserProfileDetail in [/data/Projects/grouper/app/views/elements/edit_profile_modal.ctp, line 174]
2018-05-23 13:44:47 Notice: Notice (8): Undefined variable: EditUserProfileDetail in [/data/Projects/grouper/app/views/elements/edit_profile_modal.ctp, line 183]
2018-05-23 13:44:47 Notice: Notice (8): Undefined variable: EditUserProfileDetail in [/data/Projects/grouper/app/views/elements/edit_profile_modal.ctp, line 184]
2018-05-23 13:44:47 Notice: Notice (8): Undefined variable: EditUserProfileDetail in [/data/Projects/grouper/app/views/elements/edit_profile_modal.ctp, line 185]
2018-05-23 13:44:47 Notice: Notice (8): Undefined variable: state_list in [/data/Projects/grouper/app/views/elements/edit_profile_modal.ctp, line 198]
2018-05-23 13:44:47 Notice: Notice (8): Undefined variable: city_list in [/data/Projects/grouper/app/views/elements/edit_profile_modal.ctp, line 213]
2018-05-23 13:44:47 Notice: Notice (8): Undefined variable: notification_count in [/data/Projects/grouper/app/views/elements/home_header.ctp, line 686]
2018-05-23 13:44:47 Notice: Notice (8): Undefined variable: ArChatCount in [/data/Projects/grouper/app/views/elements/home_header.ctp, line 701]
2018-05-23 13:44:58 Notice: Notice (8): Undefined variable: EditUserProfileDetail in [/data/Projects/grouper/app/views/elements/edit_profile_modal.ctp, line 138]
2018-05-23 13:44:58 Notice: Notice (8): Undefined variable: EditUserProfileDetail in [/data/Projects/grouper/app/views/elements/edit_profile_modal.ctp, line 150]
2018-05-23 13:44:58 Notice: Notice (8): Undefined variable: EditUserProfileDetail in [/data/Projects/grouper/app/views/elements/edit_profile_modal.ctp, line 161]
2018-05-23 13:44:58 Notice: Notice (8): Undefined variable: EditUserProfileDetail in [/data/Projects/grouper/app/views/elements/edit_profile_modal.ctp, line 169]
2018-05-23 13:44:58 Notice: Notice (8): Undefined variable: EditUserProfileDetail in [/data/Projects/grouper/app/views/elements/edit_profile_modal.ctp, line 174]
2018-05-23 13:44:58 Notice: Notice (8): Undefined variable: EditUserProfileDetail in [/data/Projects/grouper/app/views/elements/edit_profile_modal.ctp, line 183]
2018-05-23 13:44:58 Notice: Notice (8): Undefined variable: EditUserProfileDetail in [/data/Projects/grouper/app/views/elements/edit_profile_modal.ctp, line 184]
2018-05-23 13:44:58 Notice: Notice (8): Undefined variable: EditUserProfileDetail in [/data/Projects/grouper/app/views/elements/edit_profile_modal.ctp, line 185]
2018-05-23 13:44:58 Notice: Notice (8): Undefined variable: state_list in [/data/Projects/grouper/app/views/elements/edit_profile_modal.ctp, line 198]
2018-05-23 13:44:58 Notice: Notice (8): Undefined variable: city_list in [/data/Projects/grouper/app/views/elements/edit_profile_modal.ctp, line 213]
2018-05-23 13:44:58 Notice: Notice (8): Undefined variable: notification_count in [/data/Projects/grouper/app/views/elements/home_header.ctp, line 686]
2018-05-23 13:44:58 Notice: Notice (8): Undefined variable: ArChatCount in [/data/Projects/grouper/app/views/elements/home_header.ctp, line 701]
2018-05-23 13:45:16 Notice: Notice (8): Undefined variable: loggedUserState in [/data/Projects/grouper/app/views/elements/home_header.ctp, line 729]
2018-05-23 13:45:16 Notice: Notice (8): Undefined variable: loggedUserCity in [/data/Projects/grouper/app/views/elements/home_header.ctp, line 729]
2018-05-23 13:45:23 Notice: Notice (8): Undefined variable: selected_state_id in [/data/Projects/grouper/app/views/category/category_list.ctp, line 114]
2018-05-23 13:45:23 Notice: Notice (8): Undefined variable: selected_city_id in [/data/Projects/grouper/app/views/category/category_list.ctp, line 115]
2018-05-23 13:45:23 Notice: Notice (8): Undefined variable: EditUserProfileDetail in [/data/Projects/grouper/app/views/elements/edit_profile_modal.ctp, line 138]
2018-05-23 13:45:23 Notice: Notice (8): Undefined variable: EditUserProfileDetail in [/data/Projects/grouper/app/views/elements/edit_profile_modal.ctp, line 150]
2018-05-23 13:45:23 Notice: Notice (8): Undefined variable: EditUserProfileDetail in [/data/Projects/grouper/app/views/elements/edit_profile_modal.ctp, line 161]
2018-05-23 13:45:23 Notice: Notice (8): Undefined variable: EditUserProfileDetail in [/data/Projects/grouper/app/views/elements/edit_profile_modal.ctp, line 169]
2018-05-23 13:45:23 Notice: Notice (8): Undefined variable: EditUserProfileDetail in [/data/Projects/grouper/app/views/elements/edit_profile_modal.ctp, line 174]
2018-05-23 13:45:23 Notice: Notice (8): Undefined variable: EditUserProfileDetail in [/data/Projects/grouper/app/views/elements/edit_profile_modal.ctp, line 183]
2018-05-23 13:45:23 Notice: Notice (8): Undefined variable: EditUserProfileDetail in [/data/Projects/grouper/app/views/elements/edit_profile_modal.ctp, line 184]
2018-05-23 13:45:23 Notice: Notice (8): Undefined variable: EditUserProfileDetail in [/data/Projects/grouper/app/views/elements/edit_profile_modal.ctp, line 185]
2018-05-23 13:45:23 Notice: Notice (8): Undefined variable: state_list in [/data/Projects/grouper/app/views/elements/edit_profile_modal.ctp, line 198]
2018-05-23 13:45:23 Notice: Notice (8): Undefined variable: city_list in [/data/Projects/grouper/app/views/elements/edit_profile_modal.ctp, line 213]
2018-05-23 13:45:23 Notice: Notice (8): Undefined variable: notification_count in [/data/Projects/grouper/app/views/elements/inner_header.ctp, line 647]
2018-05-23 13:45:23 Notice: Notice (8): Undefined variable: ArChatCount in [/data/Projects/grouper/app/views/elements/inner_header.ctp, line 660]
2018-05-23 13:46:18 Notice: Notice (8): Undefined variable: loggedUserState in [/data/Projects/grouper/app/views/elements/home_header.ctp, line 729]
2018-05-23 13:46:18 Notice: Notice (8): Undefined variable: loggedUserCity in [/data/Projects/grouper/app/views/elements/home_header.ctp, line 729]
2018-05-23 15:48:58 Notice: Notice (8): Undefined variable: EditUserProfileDetail in [/data/Projects/grouper/app/views/elements/edit_profile_modal.ctp, line 138]
2018-05-23 15:48:58 Notice: Notice (8): Undefined variable: EditUserProfileDetail in [/data/Projects/grouper/app/views/elements/edit_profile_modal.ctp, line 150]
2018-05-23 15:48:58 Notice: Notice (8): Undefined variable: EditUserProfileDetail in [/data/Projects/grouper/app/views/elements/edit_profile_modal.ctp, line 161]
2018-05-23 15:48:58 Notice: Notice (8): Undefined variable: EditUserProfileDetail in [/data/Projects/grouper/app/views/elements/edit_profile_modal.ctp, line 169]
2018-05-23 15:48:58 Notice: Notice (8): Undefined variable: EditUserProfileDetail in [/data/Projects/grouper/app/views/elements/edit_profile_modal.ctp, line 174]
2018-05-23 15:48:58 Notice: Notice (8): Undefined variable: EditUserProfileDetail in [/data/Projects/grouper/app/views/elements/edit_profile_modal.ctp, line 183]
2018-05-23 15:48:58 Notice: Notice (8): Undefined variable: EditUserProfileDetail in [/data/Projects/grouper/app/views/elements/edit_profile_modal.ctp, line 184]
2018-05-23 15:48:58 Notice: Notice (8): Undefined variable: EditUserProfileDetail in [/data/Projects/grouper/app/views/elements/edit_profile_modal.ctp, line 185]
2018-05-23 15:48:58 Notice: Notice (8): Undefined variable: state_list in [/data/Projects/grouper/app/views/elements/edit_profile_modal.ctp, line 198]
2018-05-23 15:48:58 Notice: Notice (8): Undefined variable: city_list in [/data/Projects/grouper/app/views/elements/edit_profile_modal.ctp, line 213]
2018-05-23 15:48:58 Notice: Notice (8): Undefined variable: notification_count in [/data/Projects/grouper/app/views/elements/home_header.ctp, line 686]
2018-05-23 15:48:58 Notice: Notice (8): Undefined variable: ArChatCount in [/data/Projects/grouper/app/views/elements/home_header.ctp, line 701]
2018-06-04 08:30:28 Notice: Notice (8): Undefined variable: group_user_type in [/data/Projects/grouper/app/controllers/group_controller.php, line 1747]
2018-06-04 08:30:28 Notice: Notice (8): Undefined index: group_url in [/data/Projects/grouper/app/views/group/group_detail.ctp, line 838]
2018-06-04 08:30:28 Notice: Notice (8): Undefined index: group_url in [/data/Projects/grouper/app/views/group/group_detail.ctp, line 1249]
2018-06-04 08:30:28 Notice: Notice (8): Undefined variable: EditUserProfileDetail in [/data/Projects/grouper/app/views/elements/edit_profile_modal.ctp, line 138]
2018-06-04 08:30:28 Notice: Notice (8): Undefined variable: EditUserProfileDetail in [/data/Projects/grouper/app/views/elements/edit_profile_modal.ctp, line 150]
2018-06-04 08:30:28 Notice: Notice (8): Undefined variable: EditUserProfileDetail in [/data/Projects/grouper/app/views/elements/edit_profile_modal.ctp, line 161]
2018-06-04 08:30:28 Notice: Notice (8): Undefined variable: EditUserProfileDetail in [/data/Projects/grouper/app/views/elements/edit_profile_modal.ctp, line 169]
2018-06-04 08:30:28 Notice: Notice (8): Undefined variable: EditUserProfileDetail in [/data/Projects/grouper/app/views/elements/edit_profile_modal.ctp, line 174]
2018-06-04 08:30:28 Notice: Notice (8): Undefined variable: EditUserProfileDetail in [/data/Projects/grouper/app/views/elements/edit_profile_modal.ctp, line 183]
2018-06-04 08:30:28 Notice: Notice (8): Undefined variable: EditUserProfileDetail in [/data/Projects/grouper/app/views/elements/edit_profile_modal.ctp, line 184]
2018-06-04 08:30:28 Notice: Notice (8): Undefined variable: EditUserProfileDetail in [/data/Projects/grouper/app/views/elements/edit_profile_modal.ctp, line 185]
2018-06-04 08:30:28 Notice: Notice (8): Undefined variable: state_list in [/data/Projects/grouper/app/views/elements/edit_profile_modal.ctp, line 198]
2018-06-04 08:30:28 Notice: Notice (8): Undefined variable: city_list in [/data/Projects/grouper/app/views/elements/edit_profile_modal.ctp, line 213]
2018-06-04 08:30:29 Notice: Notice (8): Undefined variable: notification_count in [/data/Projects/grouper/app/views/elements/inner_header.ctp, line 647]
2018-06-04 08:30:29 Notice: Notice (8): Undefined variable: ArChatCount in [/data/Projects/grouper/app/views/elements/inner_header.ctp, line 660]
2018-06-27 11:05:42 Notice: Notice (8): Undefined variable: group_user_type in [/data/Projects/grouper/app/controllers/group_controller.php, line 1747]
2018-06-27 11:05:42 Notice: Notice (8): Undefined index: group_url in [/data/Projects/grouper/app/views/group/group_detail.ctp, line 838]
2018-06-27 11:05:42 Notice: Notice (8): Undefined index: group_url in [/data/Projects/grouper/app/views/group/group_detail.ctp, line 1249]
2018-06-27 11:05:42 Notice: Notice (8): Undefined variable: EditUserProfileDetail in [/data/Projects/grouper/app/views/elements/edit_profile_modal.ctp, line 138]
2018-06-27 11:05:42 Notice: Notice (8): Undefined variable: EditUserProfileDetail in [/data/Projects/grouper/app/views/elements/edit_profile_modal.ctp, line 150]
2018-06-27 11:05:42 Notice: Notice (8): Undefined variable: EditUserProfileDetail in [/data/Projects/grouper/app/views/elements/edit_profile_modal.ctp, line 161]
2018-06-27 11:05:42 Notice: Notice (8): Undefined variable: EditUserProfileDetail in [/data/Projects/grouper/app/views/elements/edit_profile_modal.ctp, line 169]
2018-06-27 11:05:42 Notice: Notice (8): Undefined variable: EditUserProfileDetail in [/data/Projects/grouper/app/views/elements/edit_profile_modal.ctp, line 174]
2018-06-27 11:05:42 Notice: Notice (8): Undefined variable: EditUserProfileDetail in [/data/Projects/grouper/app/views/elements/edit_profile_modal.ctp, line 183]
2018-06-27 11:05:42 Notice: Notice (8): Undefined variable: EditUserProfileDetail in [/data/Projects/grouper/app/views/elements/edit_profile_modal.ctp, line 184]
2018-06-27 11:05:42 Notice: Notice (8): Undefined variable: EditUserProfileDetail in [/data/Projects/grouper/app/views/elements/edit_profile_modal.ctp, line 185]
2018-06-27 11:05:42 Notice: Notice (8): Undefined variable: state_list in [/data/Projects/grouper/app/views/elements/edit_profile_modal.ctp, line 198]
2018-06-27 11:05:42 Notice: Notice (8): Undefined variable: city_list in [/data/Projects/grouper/app/views/elements/edit_profile_modal.ctp, line 213]
2018-06-27 11:05:43 Notice: Notice (8): Undefined variable: notification_count in [/data/Projects/grouper/app/views/elements/inner_header.ctp, line 647]
2018-06-27 11:05:43 Notice: Notice (8): Undefined variable: ArChatCount in [/data/Projects/grouper/app/views/elements/inner_header.ctp, line 660]
2018-07-06 14:16:04 Notice: Notice (8): Undefined variable: EditUserProfileDetail in [/data/Projects/grouper/app/views/elements/edit_profile_modal.ctp, line 138]
2018-07-06 14:16:04 Notice: Notice (8): Undefined variable: EditUserProfileDetail in [/data/Projects/grouper/app/views/elements/edit_profile_modal.ctp, line 150]
2018-07-06 14:16:04 Notice: Notice (8): Undefined variable: EditUserProfileDetail in [/data/Projects/grouper/app/views/elements/edit_profile_modal.ctp, line 161]
2018-07-06 14:16:04 Notice: Notice (8): Undefined variable: EditUserProfileDetail in [/data/Projects/grouper/app/views/elements/edit_profile_modal.ctp, line 169]
2018-07-06 14:16:04 Notice: Notice (8): Undefined variable: EditUserProfileDetail in [/data/Projects/grouper/app/views/elements/edit_profile_modal.ctp, line 174]
2018-07-06 14:16:04 Notice: Notice (8): Undefined variable: EditUserProfileDetail in [/data/Projects/grouper/app/views/elements/edit_profile_modal.ctp, line 183]
2018-07-06 14:16:04 Notice: Notice (8): Undefined variable: EditUserProfileDetail in [/data/Projects/grouper/app/views/elements/edit_profile_modal.ctp, line 184]
2018-07-06 14:16:04 Notice: Notice (8): Undefined variable: EditUserProfileDetail in [/data/Projects/grouper/app/views/elements/edit_profile_modal.ctp, line 185]
2018-07-06 14:16:04 Notice: Notice (8): Undefined variable: state_list in [/data/Projects/grouper/app/views/elements/edit_profile_modal.ctp, line 198]
2018-07-06 14:16:04 Notice: Notice (8): Undefined variable: city_list in [/data/Projects/grouper/app/views/elements/edit_profile_modal.ctp, line 213]
2018-07-06 14:16:04 Notice: Notice (8): Undefined variable: notification_count in [/data/Projects/grouper/app/views/elements/home_header.ctp, line 686]
2018-07-06 14:16:04 Notice: Notice (8): Undefined variable: ArChatCount in [/data/Projects/grouper/app/views/elements/home_header.ctp, line 701]
