2018-04-03 13:25:14 Warning: Warning (2): Invalid argument supplied for foreach() in [/data/Projects/grouper/app/views/elements/edit_profile_modal.ctp, line 198]
2018-04-03 13:25:14 Warning: Warning (2): Invalid argument supplied for foreach() in [/data/Projects/grouper/app/views/elements/edit_profile_modal.ctp, line 213]
2018-04-03 13:25:37 Warning: Warning (2): Invalid argument supplied for foreach() in [/data/Projects/grouper/app/views/elements/edit_profile_modal.ctp, line 198]
2018-04-03 13:25:37 Warning: Warning (2): Invalid argument supplied for foreach() in [/data/Projects/grouper/app/views/elements/edit_profile_modal.ctp, line 213]
2018-04-03 13:26:40 Warning: Warning (2): unlink(/data/Projects/grouper/app/tmp/cache/persistent/cake_core_default_en-us) [<a href='http://php.net/function.unlink'>function.unlink</a>]: No such file or directory in [/data/Projects/grouper/cake/libs/file.php, line 298]
2018-04-03 13:26:40 Warning: Warning (2): unlink(/data/Projects/grouper/app/tmp/cache/models/cake_model_default_cities) [<a href='http://php.net/function.unlink'>function.unlink</a>]: No such file or directory in [/data/Projects/grouper/cake/libs/file.php, line 298]
2018-04-03 13:26:40 Warning: Warning (2): unlink(/data/Projects/grouper/app/tmp/cache/models/cake_model_default_group_images) [<a href='http://php.net/function.unlink'>function.unlink</a>]: No such file or directory in [/data/Projects/grouper/cake/libs/file.php, line 298]
2018-04-03 13:26:40 Warning: Warning (2): unlink(/data/Projects/grouper/app/tmp/cache/models/cake_model_default_contents) [<a href='http://php.net/function.unlink'>function.unlink</a>]: No such file or directory in [/data/Projects/grouper/cake/libs/file.php, line 298]
2018-04-03 13:26:40 Warning: Warning (2): unlink(/data/Projects/grouper/app/tmp/cache/models/cake_model_default_territory_messages) [<a href='http://php.net/function.unlink'>function.unlink</a>]: No such file or directory in [/data/Projects/grouper/cake/libs/file.php, line 298]
2018-04-03 13:26:41 Warning: Warning (2): Cannot modify header information - headers already sent by (output started at /data/Projects/grouper/cake/libs/debugger.php:683) in [/data/Projects/grouper/app/app_controller.php, line 148]
2018-04-03 13:26:41 Warning: Warning (2): Cannot modify header information - headers already sent by (output started at /data/Projects/grouper/cake/libs/debugger.php:683) in [/data/Projects/grouper/app/app_controller.php, line 149]
2018-04-03 13:26:41 Warning: Warning (2): Cannot modify header information - headers already sent by (output started at /data/Projects/grouper/cake/libs/debugger.php:683) in [/data/Projects/grouper/app/app_controller.php, line 150]
2018-04-03 13:27:09 Warning: Warning (2): Invalid argument supplied for foreach() in [/data/Projects/grouper/app/views/elements/edit_profile_modal.ctp, line 198]
2018-04-03 13:27:09 Warning: Warning (2): Invalid argument supplied for foreach() in [/data/Projects/grouper/app/views/elements/edit_profile_modal.ctp, line 213]
2018-04-03 13:27:29 Warning: Warning (2): Invalid argument supplied for foreach() in [/data/Projects/grouper/app/views/elements/edit_profile_modal.ctp, line 198]
2018-04-03 13:27:29 Warning: Warning (2): Invalid argument supplied for foreach() in [/data/Projects/grouper/app/views/elements/edit_profile_modal.ctp, line 213]
2018-04-03 13:27:34 Warning: Warning (2): Invalid argument supplied for foreach() in [/data/Projects/grouper/app/views/elements/edit_profile_modal.ctp, line 198]
2018-04-03 13:27:34 Warning: Warning (2): Invalid argument supplied for foreach() in [/data/Projects/grouper/app/views/elements/edit_profile_modal.ctp, line 213]
2018-04-03 13:28:10 Warning: Warning (2): Invalid argument supplied for foreach() in [/data/Projects/grouper/app/views/elements/edit_profile_modal.ctp, line 198]
2018-04-03 13:28:10 Warning: Warning (2): Invalid argument supplied for foreach() in [/data/Projects/grouper/app/views/elements/edit_profile_modal.ctp, line 213]
2018-04-03 13:28:44 Warning: Warning (2): Invalid argument supplied for foreach() in [/data/Projects/grouper/app/views/elements/edit_profile_modal.ctp, line 198]
2018-04-03 13:28:44 Warning: Warning (2): Invalid argument supplied for foreach() in [/data/Projects/grouper/app/views/elements/edit_profile_modal.ctp, line 213]
2018-04-03 13:29:06 Warning: Warning (2): Invalid argument supplied for foreach() in [/data/Projects/grouper/app/views/elements/edit_profile_modal.ctp, line 198]
2018-04-03 13:29:06 Warning: Warning (2): Invalid argument supplied for foreach() in [/data/Projects/grouper/app/views/elements/edit_profile_modal.ctp, line 213]
2018-04-03 13:29:40 Warning: Warning (2): Invalid argument supplied for foreach() in [/data/Projects/grouper/app/views/elements/edit_profile_modal.ctp, line 198]
2018-04-03 13:29:40 Warning: Warning (2): Invalid argument supplied for foreach() in [/data/Projects/grouper/app/views/elements/edit_profile_modal.ctp, line 213]
2018-04-03 13:30:52 Warning: Warning (2): Invalid argument supplied for foreach() in [/data/Projects/grouper/app/views/elements/edit_profile_modal.ctp, line 198]
2018-04-03 13:30:52 Warning: Warning (2): Invalid argument supplied for foreach() in [/data/Projects/grouper/app/views/elements/edit_profile_modal.ctp, line 213]
2018-04-03 13:31:57 Warning: Warning (2): Invalid argument supplied for foreach() in [/data/Projects/grouper/app/views/elements/edit_profile_modal.ctp, line 198]
2018-04-03 13:31:57 Warning: Warning (2): Invalid argument supplied for foreach() in [/data/Projects/grouper/app/views/elements/edit_profile_modal.ctp, line 213]
2018-04-03 13:32:29 Warning: Warning (2): Invalid argument supplied for foreach() in [/data/Projects/grouper/app/views/elements/edit_profile_modal.ctp, line 198]
2018-04-03 13:32:29 Warning: Warning (2): Invalid argument supplied for foreach() in [/data/Projects/grouper/app/views/elements/edit_profile_modal.ctp, line 213]
2018-04-03 13:33:05 Warning: Warning (2): Invalid argument supplied for foreach() in [/data/Projects/grouper/app/views/elements/edit_profile_modal.ctp, line 198]
2018-04-03 13:33:05 Warning: Warning (2): Invalid argument supplied for foreach() in [/data/Projects/grouper/app/views/elements/edit_profile_modal.ctp, line 213]
2018-04-03 13:33:37 Warning: Warning (2): Invalid argument supplied for foreach() in [/data/Projects/grouper/app/views/elements/edit_profile_modal.ctp, line 198]
2018-04-03 13:33:37 Warning: Warning (2): Invalid argument supplied for foreach() in [/data/Projects/grouper/app/views/elements/edit_profile_modal.ctp, line 213]
2018-04-03 13:33:47 Warning: Warning (2): Invalid argument supplied for foreach() in [/data/Projects/grouper/app/views/elements/edit_profile_modal.ctp, line 198]
2018-04-03 13:33:47 Warning: Warning (2): Invalid argument supplied for foreach() in [/data/Projects/grouper/app/views/elements/edit_profile_modal.ctp, line 213]
2018-04-03 13:34:23 Warning: Warning (2): Invalid argument supplied for foreach() in [/data/Projects/grouper/app/views/elements/edit_profile_modal.ctp, line 198]
2018-04-03 13:34:23 Warning: Warning (2): Invalid argument supplied for foreach() in [/data/Projects/grouper/app/views/elements/edit_profile_modal.ctp, line 213]
2018-04-03 13:34:44 Warning: Warning (2): Invalid argument supplied for foreach() in [/data/Projects/grouper/app/views/elements/edit_profile_modal.ctp, line 198]
2018-04-03 13:34:45 Warning: Warning (2): Invalid argument supplied for foreach() in [/data/Projects/grouper/app/views/elements/edit_profile_modal.ctp, line 213]
2018-04-16 12:26:59 Warning: Warning (2): Invalid argument supplied for foreach() in [/data/Projects/grouper/app/views/elements/edit_profile_modal.ctp, line 198]
2018-04-16 12:26:59 Warning: Warning (2): Invalid argument supplied for foreach() in [/data/Projects/grouper/app/views/elements/edit_profile_modal.ctp, line 213]
2018-04-30 16:20:10 Warning: Warning (2): Invalid argument supplied for foreach() in [/data/Projects/grouper/app/views/elements/edit_profile_modal.ctp, line 198]
2018-04-30 16:20:10 Warning: Warning (2): Invalid argument supplied for foreach() in [/data/Projects/grouper/app/views/elements/edit_profile_modal.ctp, line 213]
2018-04-30 16:20:17 Warning: Warning (2): Invalid argument supplied for foreach() in [/data/Projects/grouper/app/views/elements/edit_profile_modal.ctp, line 198]
2018-04-30 16:20:17 Warning: Warning (2): Invalid argument supplied for foreach() in [/data/Projects/grouper/app/views/elements/edit_profile_modal.ctp, line 213]
2018-04-30 16:20:53 Warning: Warning (2): Missing argument 1 for GroupController::group_detail() in [/data/Projects/grouper/app/controllers/group_controller.php, line 1603]
2018-04-30 16:20:54 Warning: Warning (2): Cannot modify header information - headers already sent by (output started at /data/Projects/grouper/cake/libs/debugger.php:683) in [/data/Projects/grouper/app/app_controller.php, line 148]
2018-04-30 16:20:54 Warning: Warning (2): Cannot modify header information - headers already sent by (output started at /data/Projects/grouper/cake/libs/debugger.php:683) in [/data/Projects/grouper/app/app_controller.php, line 149]
2018-04-30 16:20:54 Warning: Warning (2): Cannot modify header information - headers already sent by (output started at /data/Projects/grouper/cake/libs/debugger.php:683) in [/data/Projects/grouper/app/app_controller.php, line 150]
2018-04-30 16:20:57 Warning: Warning (2): Missing argument 1 for GroupController::group_detail() in [/data/Projects/grouper/app/controllers/group_controller.php, line 1603]
2018-04-30 16:20:57 Warning: Warning (2): Cannot modify header information - headers already sent by (output started at /data/Projects/grouper/cake/libs/debugger.php:683) in [/data/Projects/grouper/app/app_controller.php, line 148]
2018-04-30 16:20:57 Warning: Warning (2): Cannot modify header information - headers already sent by (output started at /data/Projects/grouper/cake/libs/debugger.php:683) in [/data/Projects/grouper/app/app_controller.php, line 149]
2018-04-30 16:20:57 Warning: Warning (2): Cannot modify header information - headers already sent by (output started at /data/Projects/grouper/cake/libs/debugger.php:683) in [/data/Projects/grouper/app/app_controller.php, line 150]
2018-04-30 16:20:58 Warning: Warning (2): Missing argument 1 for GroupController::group_detail() in [/data/Projects/grouper/app/controllers/group_controller.php, line 1603]
2018-04-30 16:20:58 Warning: Warning (2): Cannot modify header information - headers already sent by (output started at /data/Projects/grouper/cake/libs/debugger.php:683) in [/data/Projects/grouper/app/app_controller.php, line 148]
2018-04-30 16:20:58 Warning: Warning (2): Cannot modify header information - headers already sent by (output started at /data/Projects/grouper/cake/libs/debugger.php:683) in [/data/Projects/grouper/app/app_controller.php, line 149]
2018-04-30 16:20:58 Warning: Warning (2): Cannot modify header information - headers already sent by (output started at /data/Projects/grouper/cake/libs/debugger.php:683) in [/data/Projects/grouper/app/app_controller.php, line 150]
2018-04-30 16:21:40 Warning: Warning (2): Invalid argument supplied for foreach() in [/data/Projects/grouper/app/views/elements/edit_profile_modal.ctp, line 198]
2018-04-30 16:21:40 Warning: Warning (2): Invalid argument supplied for foreach() in [/data/Projects/grouper/app/views/elements/edit_profile_modal.ctp, line 213]
2018-04-30 16:21:40 Warning: Warning (2): Cannot modify header information - headers already sent by (output started at /data/Projects/grouper/cake/libs/debugger.php:683) in [/data/Projects/grouper/app/app_controller.php, line 148]
2018-04-30 16:21:40 Warning: Warning (2): Cannot modify header information - headers already sent by (output started at /data/Projects/grouper/cake/libs/debugger.php:683) in [/data/Projects/grouper/app/app_controller.php, line 149]
2018-04-30 16:21:40 Warning: Warning (2): Cannot modify header information - headers already sent by (output started at /data/Projects/grouper/cake/libs/debugger.php:683) in [/data/Projects/grouper/app/app_controller.php, line 150]
2018-04-30 16:22:28 Warning: Warning (2): Missing argument 1 for GroupController::group_detail() in [/data/Projects/grouper/app/controllers/group_controller.php, line 1603]
2018-04-30 16:22:29 Warning: Warning (2): Cannot modify header information - headers already sent by (output started at /data/Projects/grouper/cake/libs/debugger.php:683) in [/data/Projects/grouper/app/app_controller.php, line 148]
2018-04-30 16:22:29 Warning: Warning (2): Cannot modify header information - headers already sent by (output started at /data/Projects/grouper/cake/libs/debugger.php:683) in [/data/Projects/grouper/app/app_controller.php, line 149]
2018-04-30 16:22:29 Warning: Warning (2): Cannot modify header information - headers already sent by (output started at /data/Projects/grouper/cake/libs/debugger.php:683) in [/data/Projects/grouper/app/app_controller.php, line 150]
2018-04-30 16:22:34 Warning: Warning (2): Missing argument 1 for GroupController::group_detail() in [/data/Projects/grouper/app/controllers/group_controller.php, line 1603]
2018-04-30 16:22:35 Warning: Warning (2): Cannot modify header information - headers already sent by (output started at /data/Projects/grouper/cake/libs/debugger.php:683) in [/data/Projects/grouper/app/app_controller.php, line 148]
2018-04-30 16:22:35 Warning: Warning (2): Cannot modify header information - headers already sent by (output started at /data/Projects/grouper/cake/libs/debugger.php:683) in [/data/Projects/grouper/app/app_controller.php, line 149]
2018-04-30 16:22:35 Warning: Warning (2): Cannot modify header information - headers already sent by (output started at /data/Projects/grouper/cake/libs/debugger.php:683) in [/data/Projects/grouper/app/app_controller.php, line 150]
2018-04-30 16:26:06 Warning: Warning (2): Invalid argument supplied for foreach() in [/data/Projects/grouper/app/views/elements/edit_profile_modal.ctp, line 198]
2018-04-30 16:26:06 Warning: Warning (2): Invalid argument supplied for foreach() in [/data/Projects/grouper/app/views/elements/edit_profile_modal.ctp, line 213]
2018-04-30 16:26:06 Warning: Warning (2): Cannot modify header information - headers already sent by (output started at /data/Projects/grouper/cake/libs/debugger.php:683) in [/data/Projects/grouper/app/app_controller.php, line 148]
2018-04-30 16:26:06 Warning: Warning (2): Cannot modify header information - headers already sent by (output started at /data/Projects/grouper/cake/libs/debugger.php:683) in [/data/Projects/grouper/app/app_controller.php, line 149]
2018-04-30 16:26:06 Warning: Warning (2): Cannot modify header information - headers already sent by (output started at /data/Projects/grouper/cake/libs/debugger.php:683) in [/data/Projects/grouper/app/app_controller.php, line 150]
2018-04-30 16:40:00 Warning: Warning (2): unlink(/data/Projects/grouper/app/tmp/cache/models/cake_model_default_chats) [<a href='http://php.net/function.unlink'>function.unlink</a>]: No such file or directory in [/data/Projects/grouper/cake/libs/file.php, line 298]
2018-04-30 16:41:40 Warning: Warning (2): unlink(/data/Projects/grouper/app/tmp/cache/models/cake_model_default_group_users) [<a href='http://php.net/function.unlink'>function.unlink</a>]: No such file or directory in [/data/Projects/grouper/cake/libs/file.php, line 298]
2018-04-30 16:50:00 Warning: Warning (2): unlink(/data/Projects/grouper/app/tmp/cache/persistent/cake_core_object_map) [<a href='http://php.net/function.unlink'>function.unlink</a>]: No such file or directory in [/data/Projects/grouper/cake/libs/file.php, line 298]
2018-04-30 16:53:20 Warning: Warning (2): unlink(/data/Projects/grouper/app/tmp/cache/persistent/cake_core_object_map) [<a href='http://php.net/function.unlink'>function.unlink</a>]: No such file or directory in [/data/Projects/grouper/cake/libs/file.php, line 298]
2018-05-23 13:37:24 Warning: Warning (2): Invalid argument supplied for foreach() in [/data/Projects/grouper/app/views/elements/edit_profile_modal.ctp, line 198]
2018-05-23 13:37:24 Warning: Warning (2): Invalid argument supplied for foreach() in [/data/Projects/grouper/app/views/elements/edit_profile_modal.ctp, line 213]
2018-05-23 13:38:20 Warning: Warning (2): unlink(/data/Projects/grouper/app/tmp/cache/persistent/cake_core_default_en-us) [<a href='http://php.net/function.unlink'>function.unlink</a>]: No such file or directory in [/data/Projects/grouper/cake/libs/file.php, line 298]
2018-05-23 13:41:40 Warning: Warning (2): Invalid argument supplied for foreach() in [/data/Projects/grouper/app/views/elements/edit_profile_modal.ctp, line 198]
2018-05-23 13:41:40 Warning: Warning (2): Invalid argument supplied for foreach() in [/data/Projects/grouper/app/views/elements/edit_profile_modal.ctp, line 213]
2018-05-23 13:42:49 Warning: Warning (2): Invalid argument supplied for foreach() in [/data/Projects/grouper/app/views/elements/edit_profile_modal.ctp, line 198]
2018-05-23 13:42:49 Warning: Warning (2): Invalid argument supplied for foreach() in [/data/Projects/grouper/app/views/elements/edit_profile_modal.ctp, line 213]
2018-05-23 13:42:59 Warning: Warning (2): Invalid argument supplied for foreach() in [/data/Projects/grouper/app/views/elements/edit_profile_modal.ctp, line 198]
2018-05-23 13:42:59 Warning: Warning (2): Invalid argument supplied for foreach() in [/data/Projects/grouper/app/views/elements/edit_profile_modal.ctp, line 213]
2018-05-23 13:44:47 Warning: Warning (2): Invalid argument supplied for foreach() in [/data/Projects/grouper/app/views/elements/edit_profile_modal.ctp, line 198]
2018-05-23 13:44:47 Warning: Warning (2): Invalid argument supplied for foreach() in [/data/Projects/grouper/app/views/elements/edit_profile_modal.ctp, line 213]
2018-05-23 13:44:58 Warning: Warning (2): Invalid argument supplied for foreach() in [/data/Projects/grouper/app/views/elements/edit_profile_modal.ctp, line 198]
2018-05-23 13:44:58 Warning: Warning (2): Invalid argument supplied for foreach() in [/data/Projects/grouper/app/views/elements/edit_profile_modal.ctp, line 213]
2018-05-23 13:45:23 Warning: Warning (2): Invalid argument supplied for foreach() in [/data/Projects/grouper/app/views/elements/edit_profile_modal.ctp, line 198]
2018-05-23 13:45:23 Warning: Warning (2): Invalid argument supplied for foreach() in [/data/Projects/grouper/app/views/elements/edit_profile_modal.ctp, line 213]
2018-05-23 13:50:07 Warning: Warning (2): Illegal string offset 'State' in [/data/Projects/grouper/app/views/elements/inner_header.ctp, line 687]
2018-05-23 13:50:07 Warning: Warning (2): Illegal string offset 'code' in [/data/Projects/grouper/app/views/elements/inner_header.ctp, line 687]
2018-05-23 13:50:07 Warning: Warning (2): Illegal string offset 'City' in [/data/Projects/grouper/app/views/elements/inner_header.ctp, line 687]
2018-05-23 13:50:07 Warning: Warning (2): Illegal string offset 'name' in [/data/Projects/grouper/app/views/elements/inner_header.ctp, line 687]
2018-05-23 13:50:27 Warning: Warning (2): Illegal string offset 'State' in [/data/Projects/grouper/app/views/elements/inner_header.ctp, line 687]
2018-05-23 13:50:27 Warning: Warning (2): Illegal string offset 'code' in [/data/Projects/grouper/app/views/elements/inner_header.ctp, line 687]
2018-05-23 13:50:28 Warning: Warning (2): Illegal string offset 'City' in [/data/Projects/grouper/app/views/elements/inner_header.ctp, line 687]
2018-05-23 13:50:28 Warning: Warning (2): Illegal string offset 'name' in [/data/Projects/grouper/app/views/elements/inner_header.ctp, line 687]
2018-05-23 13:50:41 Warning: Warning (2): Illegal string offset 'State' in [/data/Projects/grouper/app/views/elements/inner_header.ctp, line 687]
2018-05-23 13:50:41 Warning: Warning (2): Illegal string offset 'code' in [/data/Projects/grouper/app/views/elements/inner_header.ctp, line 687]
2018-05-23 13:50:41 Warning: Warning (2): Illegal string offset 'City' in [/data/Projects/grouper/app/views/elements/inner_header.ctp, line 687]
2018-05-23 13:50:41 Warning: Warning (2): Illegal string offset 'name' in [/data/Projects/grouper/app/views/elements/inner_header.ctp, line 687]
2018-05-23 13:58:20 Warning: Warning (2): unlink(/data/Projects/grouper/app/tmp/cache/models/cake_model_default_testimonials) [<a href='http://php.net/function.unlink'>function.unlink</a>]: No such file or directory in [/data/Projects/grouper/cake/libs/file.php, line 298]
2018-05-23 14:31:40 Warning: Warning (2): fopen(/data/Projects/grouper/app/tmp/cache/models/cake_model_default_static_contents) [<a href='http://php.net/function.fopen'>function.fopen</a>]: failed to open stream: No such file or directory in [/data/Projects/grouper/cake/libs/file.php, line 152]
2018-05-23 15:48:58 Warning: Warning (2): Invalid argument supplied for foreach() in [/data/Projects/grouper/app/views/elements/edit_profile_modal.ctp, line 198]
2018-05-23 15:48:58 Warning: Warning (2): Invalid argument supplied for foreach() in [/data/Projects/grouper/app/views/elements/edit_profile_modal.ctp, line 213]
2018-05-23 16:03:20 Warning: Warning (2): unlink(/data/Projects/grouper/app/tmp/cache/models/cake_model_default_notifications) [<a href='http://php.net/function.unlink'>function.unlink</a>]: No such file or directory in [/data/Projects/grouper/cake/libs/file.php, line 298]
2018-06-04 08:30:28 Warning: Warning (2): Invalid argument supplied for foreach() in [/data/Projects/grouper/app/views/elements/edit_profile_modal.ctp, line 198]
2018-06-04 08:30:28 Warning: Warning (2): Invalid argument supplied for foreach() in [/data/Projects/grouper/app/views/elements/edit_profile_modal.ctp, line 213]
2018-06-04 08:30:29 Warning: Warning (2): Cannot modify header information - headers already sent by (output started at /data/Projects/grouper/cake/libs/debugger.php:683) in [/data/Projects/grouper/app/app_controller.php, line 148]
2018-06-04 08:30:29 Warning: Warning (2): Cannot modify header information - headers already sent by (output started at /data/Projects/grouper/cake/libs/debugger.php:683) in [/data/Projects/grouper/app/app_controller.php, line 149]
2018-06-04 08:30:29 Warning: Warning (2): Cannot modify header information - headers already sent by (output started at /data/Projects/grouper/cake/libs/debugger.php:683) in [/data/Projects/grouper/app/app_controller.php, line 150]
2018-06-27 11:05:42 Warning: Warning (2): Invalid argument supplied for foreach() in [/data/Projects/grouper/app/views/elements/edit_profile_modal.ctp, line 198]
2018-06-27 11:05:42 Warning: Warning (2): Invalid argument supplied for foreach() in [/data/Projects/grouper/app/views/elements/edit_profile_modal.ctp, line 213]
2018-06-27 11:05:43 Warning: Warning (2): Cannot modify header information - headers already sent by (output started at /data/Projects/grouper/cake/libs/debugger.php:683) in [/data/Projects/grouper/app/app_controller.php, line 148]
2018-06-27 11:05:43 Warning: Warning (2): Cannot modify header information - headers already sent by (output started at /data/Projects/grouper/cake/libs/debugger.php:683) in [/data/Projects/grouper/app/app_controller.php, line 149]
2018-06-27 11:05:43 Warning: Warning (2): Cannot modify header information - headers already sent by (output started at /data/Projects/grouper/cake/libs/debugger.php:683) in [/data/Projects/grouper/app/app_controller.php, line 150]
2018-07-06 14:16:04 Warning: Warning (2): Invalid argument supplied for foreach() in [/data/Projects/grouper/app/views/elements/edit_profile_modal.ctp, line 198]
2018-07-06 14:16:04 Warning: Warning (2): Invalid argument supplied for foreach() in [/data/Projects/grouper/app/views/elements/edit_profile_modal.ctp, line 213]
